Using pre-set license
Built from '2020.3/staging' branch; Version is '2020.3.14f1 (d0d1bb862f9d) revision 13685179'; Using compiler version '192528614'; Build Type 'Release'
OS: 'Windows 10 Home; OS build 19042.1348; Version 2009; 64bit' Language: 'fr' Physical Memory: 16312 MB
BatchMode: 1, IsHumanControllingUs: 0, StartBugReporterOnCrash: 0, Is64bit: 1, IsPro: 0

 COMMAND LINE ARGUMENTS:
C:\Program Files\Unity\Hub\Editor\2020.3.14f1\Editor\Unity.exe
-adb2
-batchMode
-noUpm
-name
AssetImportWorker0
-projectPath
D:/Programme/Unity/HexMap
-logFile
Logs/AssetImportWorker0.log
-srvPort
54024
Successfully changed project path to: D:/Programme/Unity/HexMap
D:/Programme/Unity/HexMap
Using Asset Import Pipeline V2.
Refreshing native plugins compatible for Editor in 23.61 ms, found 2 plugins.
Preloading 0 native plugins for Editor in 0.00 ms.
Initialize engine version: 2020.3.14f1 (d0d1bb862f9d)
[Subsystems] Discovering subsystems at path C:/Program Files/Unity/Hub/Editor/2020.3.14f1/Editor/Data/Resources/UnitySubsystems
[Subsystems] Discovering subsystems at path D:/Programme/Unity/HexMap/Assets
GfxDevice: creating device client; threaded=0
Direct3D:
    Version:  Direct3D 11.0 [level 11.1]
    Renderer: NVIDIA GeForce RTX 2080 SUPER (ID=0x1e81)
    Vendor:   
    VRAM:     8010 MB
    Driver:   30.0.14.9649
Initialize mono
Mono path[0] = 'C:/Program Files/Unity/Hub/Editor/2020.3.14f1/Editor/Data/Managed'
Mono path[1] = 'C:/Program Files/Unity/Hub/Editor/2020.3.14f1/Editor/Data/MonoBleedingEdge/lib/mono/unityjit'
Mono config path = 'C:/Program Files/Unity/Hub/Editor/2020.3.14f1/Editor/Data/MonoBleedingEdge/etc'
Using monoOptions --debugger-agent=transport=dt_socket,embedding=1,server=y,suspend=n,address=127.0.0.1:56572
Begin MonoManager ReloadAssembly
Registering precompiled unity dll's ...
Register platform support module: C:/Program Files/Unity/Hub/Editor/2020.3.14f1/Editor/Data/PlaybackEngines/WindowsStandaloneSupport/UnityEditor.WindowsStandalone.Extensions.dll
Registered in 0.001581 seconds.
Native extension for WindowsStandalone target not found
Refreshing native plugins compatible for Editor in 22.74 ms, found 2 plugins.
Preloading 0 native plugins for Editor in 0.00 ms.
Mono: successfully reloaded assembly
- Completed reload, in  1.501 seconds
Domain Reload Profiling:
	ReloadAssembly (1501ms)
		BeginReloadAssembly (45ms)
			ExecutionOrderSort (0ms)
			DisableScriptedObjects (0ms)
			BackupInstance (0ms)
			ReleaseScriptingObjects (0ms)
			CreateAndSetChildDomain (1ms)
		EndReloadAssembly (318ms)
			LoadAssemblies (43ms)
			RebuildTransferFunctionScriptingTraits (0ms)
			SetupTypeCache (118ms)
			ReleaseScriptCaches (0ms)
			RebuildScriptCaches (23ms)
			SetupLoadedEditorAssemblies (116ms)
				LogAssemblyErrors (0ms)
				InitializePlatformSupportModulesInManaged (3ms)
				SetLoadedEditorAssemblies (0ms)
				RefreshPlugins (23ms)
				BeforeProcessingInitializeOnLoad (8ms)
				ProcessInitializeOnLoadAttributes (61ms)
				ProcessInitializeOnLoadMethodAttributes (22ms)
				AfterProcessingInitializeOnLoad (0ms)
				EditorAssembliesLoaded (0ms)
			ExecutionOrderSort2 (0ms)
			AwakeInstancesAfterBackupRestoration (0ms)
Platform modules already initialized, skipping
Registering precompiled user dll's ...
Registered in 0.002661 seconds.
Begin MonoManager ReloadAssembly
Native extension for WindowsStandalone target not found
Refreshing native plugins compatible for Editor in 0.29 ms, found 2 plugins.
Preloading 0 native plugins for Editor in 0.00 ms.
Mono: successfully reloaded assembly
- Completed reload, in  0.777 seconds
Domain Reload Profiling:
	ReloadAssembly (777ms)
		BeginReloadAssembly (118ms)
			ExecutionOrderSort (0ms)
			DisableScriptedObjects (4ms)
			BackupInstance (0ms)
			ReleaseScriptingObjects (0ms)
			CreateAndSetChildDomain (15ms)
		EndReloadAssembly (608ms)
			LoadAssemblies (66ms)
			RebuildTransferFunctionScriptingTraits (0ms)
			SetupTypeCache (202ms)
			ReleaseScriptCaches (0ms)
			RebuildScriptCaches (32ms)
			SetupLoadedEditorAssemblies (235ms)
				LogAssemblyErrors (0ms)
				InitializePlatformSupportModulesInManaged (4ms)
				SetLoadedEditorAssemblies (0ms)
				RefreshPlugins (0ms)
				BeforeProcessingInitializeOnLoad (80ms)
				ProcessInitializeOnLoadAttributes (141ms)
				ProcessInitializeOnLoadMethodAttributes (3ms)
				AfterProcessingInitializeOnLoad (5ms)
				EditorAssembliesLoaded (0ms)
			ExecutionOrderSort2 (0ms)
			AwakeInstancesAfterBackupRestoration (5ms)
Platform modules already initialized, skipping
========================================================================
Worker process is ready to serve import requests
Launched and connected shader compiler UnityShaderCompiler.exe after 0.04 seconds
Refreshing native plugins compatible for Editor in 0.29 ms, found 2 plugins.
Preloading 0 native plugins for Editor in 0.00 ms.
Unloading 1417 Unused Serialized files (Serialized files now loaded: 0)
System memory in use before: 68.0 MB.
System memory in use after: 68.1 MB.

Unloading 18 unused Assets to reduce memory usage. Loaded Objects now: 1853.
Total: 1.915200 ms (FindLiveObjects: 0.154000 ms CreateObjectMapping: 0.031900 ms MarkObjects: 1.650400 ms  DeleteObjects: 0.077700 ms)

AssetImportParameters requested are different than current active one (requested -> active):
  custom:framework-win-MediaFoundation: 216162199b28c13a410421893ffa2e32 -> 
  custom:video-decoder-ogg-theora: a1e56fd34408186e4bbccfd4996cb3dc -> 
  custom:container-muxer-webm: aa71ff27fc2769a1b78a27578f13a17b -> 
  custom:container-demuxer-webm: 4f35f7cbe854078d1ac9338744f61a02 -> 
  custom:container-demuxer-ogg: 62fdf1f143b41e24485cea50d1cbac27 -> 
  custom:video-encoder-webm-vp8: eb34c28f22e8b96e1ab97ce403110664 -> 
  custom:video-decoder-webm-vp8: 9c59270c3fd7afecdb556c50c9e8de78 -> 
  custom:audio-decoder-ogg-vorbis: bf7c407c2cedff20999df2af8eb42d56 -> 
  custom:audio-encoder-webm-vorbis: bf7c407c2cedff20999df2af8eb42d56 -> 
========================================================================
Received Import Request.
  path: Assets/Scripts/HexMap/HexGrid.cs
  artifactKey: Guid(310f85226d5525d4284f1d72880dc1a6) Importer(815301076,1909f56bfc062723c751e8b465ee728b)
Start importing Assets/Scripts/HexMap/HexGrid.cs using Guid(310f85226d5525d4284f1d72880dc1a6) Importer(815301076,1909f56bfc062723c751e8b465ee728b)  -> (artifact id: 'ef40a0ac213c1f8ebcfe36738196dfed') in 0.022592 seconds 
  Import took 0.043514 seconds .

========================================================================
Received Prepare
Refreshing native plugins compatible for Editor in 2.36 ms, found 2 plugins.
Preloading 0 native plugins for Editor in 0.00 ms.
Unloading 11 Unused Serialized files (Serialized files now loaded: 0)
System memory in use before: 38.9 MB.
System memory in use after: 39.0 MB.

Unloading 11 unused Assets to reduce memory usage. Loaded Objects now: 1853.
Total: 1.656600 ms (FindLiveObjects: 0.146000 ms CreateObjectMapping: 0.027100 ms MarkObjects: 1.472000 ms  DeleteObjects: 0.010500 ms)

AssetImportParameters requested are different than current active one (requested -> active):
  custom:framework-win-MediaFoundation: 216162199b28c13a410421893ffa2e32 -> 
  custom:video-decoder-ogg-theora: a1e56fd34408186e4bbccfd4996cb3dc -> 
  custom:container-muxer-webm: aa71ff27fc2769a1b78a27578f13a17b -> 
  custom:container-demuxer-webm: 4f35f7cbe854078d1ac9338744f61a02 -> 
  custom:container-demuxer-ogg: 62fdf1f143b41e24485cea50d1cbac27 -> 
  custom:video-encoder-webm-vp8: eb34c28f22e8b96e1ab97ce403110664 -> 
  custom:video-decoder-webm-vp8: 9c59270c3fd7afecdb556c50c9e8de78 -> 
  custom:audio-decoder-ogg-vorbis: bf7c407c2cedff20999df2af8eb42d56 -> 
  custom:audio-encoder-webm-vorbis: bf7c407c2cedff20999df2af8eb42d56 -> 
========================================================================
Received Import Request.
  Time since last request: 15.892444 seconds.
  path: Assets/Prefabs/Hex Grid.prefab
  artifactKey: Guid(70422f588e45ad4489fa002af89dd3c5) Importer(815301076,1909f56bfc062723c751e8b465ee728b)
Start importing Assets/Prefabs/Hex Grid.prefab using Guid(70422f588e45ad4489fa002af89dd3c5) Importer(815301076,1909f56bfc062723c751e8b465ee728b)  -> (artifact id: '8566b76714452a2e05a85c3eb4070682') in 0.086162 seconds 
  Import took 0.088798 seconds .

========================================================================
Received Prepare
Registering precompiled user dll's ...
Registered in 0.002713 seconds.
Begin MonoManager ReloadAssembly
Native extension for WindowsStandalone target not found
Refreshing native plugins compatible for Editor in 0.30 ms, found 2 plugins.
Preloading 0 native plugins for Editor in 0.00 ms.
Mono: successfully reloaded assembly
- Completed reload, in  0.722 seconds
Domain Reload Profiling:
	ReloadAssembly (723ms)
		BeginReloadAssembly (82ms)
			ExecutionOrderSort (0ms)
			DisableScriptedObjects (4ms)
			BackupInstance (0ms)
			ReleaseScriptingObjects (0ms)
			CreateAndSetChildDomain (23ms)
		EndReloadAssembly (589ms)
			LoadAssemblies (66ms)
			RebuildTransferFunctionScriptingTraits (0ms)
			SetupTypeCache (202ms)
			ReleaseScriptCaches (1ms)
			RebuildScriptCaches (29ms)
			SetupLoadedEditorAssemblies (217ms)
				LogAssemblyErrors (0ms)
				InitializePlatformSupportModulesInManaged (4ms)
				SetLoadedEditorAssemblies (0ms)
				RefreshPlugins (0ms)
				BeforeProcessingInitializeOnLoad (77ms)
				ProcessInitializeOnLoadAttributes (128ms)
				ProcessInitializeOnLoadMethodAttributes (3ms)
				AfterProcessingInitializeOnLoad (5ms)
				EditorAssembliesLoaded (0ms)
			ExecutionOrderSort2 (0ms)
			AwakeInstancesAfterBackupRestoration (5ms)
Platform modules already initialized, skipping
Refreshing native plugins compatible for Editor in 0.30 ms, found 2 plugins.
Preloading 0 native plugins for Editor in 0.00 ms.
Unloading 1397 Unused Serialized files (Serialized files now loaded: 0)
System memory in use before: 66.6 MB.
System memory in use after: 66.7 MB.

Unloading 17 unused Assets to reduce memory usage. Loaded Objects now: 1858.
Total: 1.517600 ms (FindLiveObjects: 0.116100 ms CreateObjectMapping: 0.027800 ms MarkObjects: 1.353400 ms  DeleteObjects: 0.019500 ms)

AssetImportParameters requested are different than current active one (requested -> active):
  custom:framework-win-MediaFoundation: 216162199b28c13a410421893ffa2e32 -> 
  custom:video-decoder-ogg-theora: a1e56fd34408186e4bbccfd4996cb3dc -> 
  custom:container-muxer-webm: aa71ff27fc2769a1b78a27578f13a17b -> 
  custom:container-demuxer-webm: 4f35f7cbe854078d1ac9338744f61a02 -> 
  custom:container-demuxer-ogg: 62fdf1f143b41e24485cea50d1cbac27 -> 
  custom:video-encoder-webm-vp8: eb34c28f22e8b96e1ab97ce403110664 -> 
  custom:video-decoder-webm-vp8: 9c59270c3fd7afecdb556c50c9e8de78 -> 
  custom:audio-decoder-ogg-vorbis: bf7c407c2cedff20999df2af8eb42d56 -> 
  custom:audio-encoder-webm-vorbis: bf7c407c2cedff20999df2af8eb42d56 -> 
========================================================================
Received Import Request.
  Time since last request: 27.740072 seconds.
  path: Assets/Prefabs/Hex Grid.prefab
  artifactKey: Guid(70422f588e45ad4489fa002af89dd3c5) Importer(815301076,1909f56bfc062723c751e8b465ee728b)
Start importing Assets/Prefabs/Hex Grid.prefab using Guid(70422f588e45ad4489fa002af89dd3c5) Importer(815301076,1909f56bfc062723c751e8b465ee728b)  -> (artifact id: 'c4d3ed6e986b738a9dfbe19e24ff61d2') in 0.073433 seconds 
  Import took 0.076322 seconds .

========================================================================
Received Prepare
Registering precompiled user dll's ...
Registered in 0.002740 seconds.
Begin MonoManager ReloadAssembly
Native extension for WindowsStandalone target not found
Refreshing native plugins compatible for Editor in 0.34 ms, found 2 plugins.
Preloading 0 native plugins for Editor in 0.00 ms.
Mono: successfully reloaded assembly
- Completed reload, in  0.861 seconds
Domain Reload Profiling:
	ReloadAssembly (862ms)
		BeginReloadAssembly (89ms)
			ExecutionOrderSort (0ms)
			DisableScriptedObjects (4ms)
			BackupInstance (0ms)
			ReleaseScriptingObjects (0ms)
			CreateAndSetChildDomain (25ms)
		EndReloadAssembly (709ms)
			LoadAssemblies (73ms)
			RebuildTransferFunctionScriptingTraits (0ms)
			SetupTypeCache (227ms)
			ReleaseScriptCaches (1ms)
			RebuildScriptCaches (55ms)
			SetupLoadedEditorAssemblies (248ms)
				LogAssemblyErrors (0ms)
				InitializePlatformSupportModulesInManaged (4ms)
				SetLoadedEditorAssemblies (0ms)
				RefreshPlugins (1ms)
				BeforeProcessingInitializeOnLoad (89ms)
				ProcessInitializeOnLoadAttributes (144ms)
				ProcessInitializeOnLoadMethodAttributes (3ms)
				AfterProcessingInitializeOnLoad (6ms)
				EditorAssembliesLoaded (0ms)
			ExecutionOrderSort2 (0ms)
			AwakeInstancesAfterBackupRestoration (5ms)
Platform modules already initialized, skipping
Refreshing native plugins compatible for Editor in 0.34 ms, found 2 plugins.
Preloading 0 native plugins for Editor in 0.00 ms.
Unloading 1397 Unused Serialized files (Serialized files now loaded: 0)
System memory in use before: 66.7 MB.
System memory in use after: 66.8 MB.

Unloading 17 unused Assets to reduce memory usage. Loaded Objects now: 1861.
Total: 1.604500 ms (FindLiveObjects: 0.128400 ms CreateObjectMapping: 0.028800 ms MarkObjects: 1.422600 ms  DeleteObjects: 0.023900 ms)

AssetImportParameters requested are different than current active one (requested -> active):
  custom:framework-win-MediaFoundation: 216162199b28c13a410421893ffa2e32 -> 
  custom:video-decoder-ogg-theora: a1e56fd34408186e4bbccfd4996cb3dc -> 
  custom:container-muxer-webm: aa71ff27fc2769a1b78a27578f13a17b -> 
  custom:container-demuxer-webm: 4f35f7cbe854078d1ac9338744f61a02 -> 
  custom:container-demuxer-ogg: 62fdf1f143b41e24485cea50d1cbac27 -> 
  custom:video-encoder-webm-vp8: eb34c28f22e8b96e1ab97ce403110664 -> 
  custom:video-decoder-webm-vp8: 9c59270c3fd7afecdb556c50c9e8de78 -> 
  custom:audio-decoder-ogg-vorbis: bf7c407c2cedff20999df2af8eb42d56 -> 
  custom:audio-encoder-webm-vorbis: bf7c407c2cedff20999df2af8eb42d56 -> 
========================================================================
Received Prepare
Registering precompiled user dll's ...
Registered in 0.002649 seconds.
Begin MonoManager ReloadAssembly
Native extension for WindowsStandalone target not found
Refreshing native plugins compatible for Editor in 0.30 ms, found 2 plugins.
Preloading 0 native plugins for Editor in 0.00 ms.
Mono: successfully reloaded assembly
- Completed reload, in  0.730 seconds
Domain Reload Profiling:
	ReloadAssembly (730ms)
		BeginReloadAssembly (81ms)
			ExecutionOrderSort (0ms)
			DisableScriptedObjects (4ms)
			BackupInstance (0ms)
			ReleaseScriptingObjects (0ms)
			CreateAndSetChildDomain (23ms)
		EndReloadAssembly (596ms)
			LoadAssemblies (66ms)
			RebuildTransferFunctionScriptingTraits (0ms)
			SetupTypeCache (198ms)
			ReleaseScriptCaches (1ms)
			RebuildScriptCaches (29ms)
			SetupLoadedEditorAssemblies (220ms)
				LogAssemblyErrors (0ms)
				InitializePlatformSupportModulesInManaged (4ms)
				SetLoadedEditorAssemblies (0ms)
				RefreshPlugins (0ms)
				BeforeProcessingInitializeOnLoad (76ms)
				ProcessInitializeOnLoadAttributes (131ms)
				ProcessInitializeOnLoadMethodAttributes (3ms)
				AfterProcessingInitializeOnLoad (5ms)
				EditorAssembliesLoaded (0ms)
			ExecutionOrderSort2 (0ms)
			AwakeInstancesAfterBackupRestoration (5ms)
Platform modules already initialized, skipping
Refreshing native plugins compatible for Editor in 0.31 ms, found 2 plugins.
Preloading 0 native plugins for Editor in 0.00 ms.
Unloading 1397 Unused Serialized files (Serialized files now loaded: 0)
System memory in use before: 66.7 MB.
System memory in use after: 66.8 MB.

Unloading 13 unused Assets to reduce memory usage. Loaded Objects now: 1864.
Total: 1.533300 ms (FindLiveObjects: 0.124200 ms CreateObjectMapping: 0.028200 ms MarkObjects: 1.367100 ms  DeleteObjects: 0.012900 ms)

AssetImportParameters requested are different than current active one (requested -> active):
  custom:framework-win-MediaFoundation: 216162199b28c13a410421893ffa2e32 -> 
  custom:video-decoder-ogg-theora: a1e56fd34408186e4bbccfd4996cb3dc -> 
  custom:container-muxer-webm: aa71ff27fc2769a1b78a27578f13a17b -> 
  custom:container-demuxer-webm: 4f35f7cbe854078d1ac9338744f61a02 -> 
  custom:container-demuxer-ogg: 62fdf1f143b41e24485cea50d1cbac27 -> 
  custom:video-encoder-webm-vp8: eb34c28f22e8b96e1ab97ce403110664 -> 
  custom:video-decoder-webm-vp8: 9c59270c3fd7afecdb556c50c9e8de78 -> 
  custom:audio-decoder-ogg-vorbis: bf7c407c2cedff20999df2af8eb42d56 -> 
  custom:audio-encoder-webm-vorbis: bf7c407c2cedff20999df2af8eb42d56 -> 
========================================================================
Received Prepare
Registering precompiled user dll's ...
Registered in 0.002672 seconds.
Begin MonoManager ReloadAssembly
Native extension for WindowsStandalone target not found
Refreshing native plugins compatible for Editor in 0.30 ms, found 2 plugins.
Preloading 0 native plugins for Editor in 0.00 ms.
Mono: successfully reloaded assembly
- Completed reload, in  0.737 seconds
Domain Reload Profiling:
	ReloadAssembly (737ms)
		BeginReloadAssembly (88ms)
			ExecutionOrderSort (0ms)
			DisableScriptedObjects (4ms)
			BackupInstance (0ms)
			ReleaseScriptingObjects (0ms)
			CreateAndSetChildDomain (23ms)
		EndReloadAssembly (599ms)
			LoadAssemblies (66ms)
			RebuildTransferFunctionScriptingTraits (0ms)
			SetupTypeCache (205ms)
			ReleaseScriptCaches (1ms)
			RebuildScriptCaches (29ms)
			SetupLoadedEditorAssemblies (224ms)
				LogAssemblyErrors (0ms)
				InitializePlatformSupportModulesInManaged (4ms)
				SetLoadedEditorAssemblies (1ms)
				RefreshPlugins (0ms)
				BeforeProcessingInitializeOnLoad (78ms)
				ProcessInitializeOnLoadAttributes (132ms)
				ProcessInitializeOnLoadMethodAttributes (3ms)
				AfterProcessingInitializeOnLoad (5ms)
				EditorAssembliesLoaded (0ms)
			ExecutionOrderSort2 (0ms)
			AwakeInstancesAfterBackupRestoration (5ms)
Platform modules already initialized, skipping
Refreshing native plugins compatible for Editor in 0.30 ms, found 2 plugins.
Preloading 0 native plugins for Editor in 0.00 ms.
Unloading 1397 Unused Serialized files (Serialized files now loaded: 0)
System memory in use before: 66.7 MB.
System memory in use after: 66.8 MB.

Unloading 13 unused Assets to reduce memory usage. Loaded Objects now: 1867.
Total: 1.517200 ms (FindLiveObjects: 0.119500 ms CreateObjectMapping: 0.028100 ms MarkObjects: 1.352900 ms  DeleteObjects: 0.015800 ms)

AssetImportParameters requested are different than current active one (requested -> active):
  custom:framework-win-MediaFoundation: 216162199b28c13a410421893ffa2e32 -> 
  custom:video-decoder-ogg-theora: a1e56fd34408186e4bbccfd4996cb3dc -> 
  custom:container-muxer-webm: aa71ff27fc2769a1b78a27578f13a17b -> 
  custom:container-demuxer-webm: 4f35f7cbe854078d1ac9338744f61a02 -> 
  custom:container-demuxer-ogg: 62fdf1f143b41e24485cea50d1cbac27 -> 
  custom:video-encoder-webm-vp8: eb34c28f22e8b96e1ab97ce403110664 -> 
  custom:video-decoder-webm-vp8: 9c59270c3fd7afecdb556c50c9e8de78 -> 
  custom:audio-decoder-ogg-vorbis: bf7c407c2cedff20999df2af8eb42d56 -> 
  custom:audio-encoder-webm-vorbis: bf7c407c2cedff20999df2af8eb42d56 -> 
========================================================================
Received Prepare
Registering precompiled user dll's ...
Registered in 0.003171 seconds.
Begin MonoManager ReloadAssembly
Native extension for WindowsStandalone target not found
Refreshing native plugins compatible for Editor in 0.35 ms, found 2 plugins.
Preloading 0 native plugins for Editor in 0.00 ms.
Mono: successfully reloaded assembly
- Completed reload, in  0.771 seconds
Domain Reload Profiling:
	ReloadAssembly (771ms)
		BeginReloadAssembly (92ms)
			ExecutionOrderSort (0ms)
			DisableScriptedObjects (4ms)
			BackupInstance (0ms)
			ReleaseScriptingObjects (0ms)
			CreateAndSetChildDomain (24ms)
		EndReloadAssembly (623ms)
			LoadAssemblies (69ms)
			RebuildTransferFunctionScriptingTraits (0ms)
			SetupTypeCache (210ms)
			ReleaseScriptCaches (1ms)
			RebuildScriptCaches (31ms)
			SetupLoadedEditorAssemblies (230ms)
				LogAssemblyErrors (0ms)
				InitializePlatformSupportModulesInManaged (4ms)
				SetLoadedEditorAssemblies (0ms)
				RefreshPlugins (0ms)
				BeforeProcessingInitializeOnLoad (78ms)
				ProcessInitializeOnLoadAttributes (138ms)
				ProcessInitializeOnLoadMethodAttributes (3ms)
				AfterProcessingInitializeOnLoad (6ms)
				EditorAssembliesLoaded (0ms)
			ExecutionOrderSort2 (0ms)
			AwakeInstancesAfterBackupRestoration (6ms)
Platform modules already initialized, skipping
Refreshing native plugins compatible for Editor in 0.31 ms, found 2 plugins.
Preloading 0 native plugins for Editor in 0.00 ms.
Unloading 1397 Unused Serialized files (Serialized files now loaded: 0)
System memory in use before: 66.7 MB.
System memory in use after: 66.8 MB.

Unloading 13 unused Assets to reduce memory usage. Loaded Objects now: 1870.
Total: 1.567900 ms (FindLiveObjects: 0.156600 ms CreateObjectMapping: 0.031100 ms MarkObjects: 1.367700 ms  DeleteObjects: 0.011100 ms)

AssetImportParameters requested are different than current active one (requested -> active):
  custom:framework-win-MediaFoundation: 216162199b28c13a410421893ffa2e32 -> 
  custom:video-decoder-ogg-theora: a1e56fd34408186e4bbccfd4996cb3dc -> 
  custom:container-muxer-webm: aa71ff27fc2769a1b78a27578f13a17b -> 
  custom:container-demuxer-webm: 4f35f7cbe854078d1ac9338744f61a02 -> 
  custom:container-demuxer-ogg: 62fdf1f143b41e24485cea50d1cbac27 -> 
  custom:video-encoder-webm-vp8: eb34c28f22e8b96e1ab97ce403110664 -> 
  custom:video-decoder-webm-vp8: 9c59270c3fd7afecdb556c50c9e8de78 -> 
  custom:audio-decoder-ogg-vorbis: bf7c407c2cedff20999df2af8eb42d56 -> 
  custom:audio-encoder-webm-vorbis: bf7c407c2cedff20999df2af8eb42d56 -> 
========================================================================
Received Prepare
Registering precompiled user dll's ...
Registered in 0.002691 seconds.
Begin MonoManager ReloadAssembly
Native extension for WindowsStandalone target not found
Refreshing native plugins compatible for Editor in 0.32 ms, found 2 plugins.
Preloading 0 native plugins for Editor in 0.00 ms.
Mono: successfully reloaded assembly
- Completed reload, in  0.753 seconds
Domain Reload Profiling:
	ReloadAssembly (753ms)
		BeginReloadAssembly (103ms)
			ExecutionOrderSort (0ms)
			DisableScriptedObjects (4ms)
			BackupInstance (0ms)
			ReleaseScriptingObjects (0ms)
			CreateAndSetChildDomain (23ms)
		EndReloadAssembly (598ms)
			LoadAssemblies (75ms)
			RebuildTransferFunctionScriptingTraits (0ms)
			SetupTypeCache (199ms)
			ReleaseScriptCaches (1ms)
			RebuildScriptCaches (29ms)
			SetupLoadedEditorAssemblies (226ms)
				LogAssemblyErrors (0ms)
				InitializePlatformSupportModulesInManaged (4ms)
				SetLoadedEditorAssemblies (0ms)
				RefreshPlugins (0ms)
				BeforeProcessingInitializeOnLoad (74ms)
				ProcessInitializeOnLoadAttributes (140ms)
				ProcessInitializeOnLoadMethodAttributes (3ms)
				AfterProcessingInitializeOnLoad (5ms)
				EditorAssembliesLoaded (0ms)
			ExecutionOrderSort2 (0ms)
			AwakeInstancesAfterBackupRestoration (5ms)
Platform modules already initialized, skipping
Refreshing native plugins compatible for Editor in 0.30 ms, found 2 plugins.
Preloading 0 native plugins for Editor in 0.00 ms.
Unloading 1397 Unused Serialized files (Serialized files now loaded: 0)
System memory in use before: 66.7 MB.
System memory in use after: 66.8 MB.

Unloading 13 unused Assets to reduce memory usage. Loaded Objects now: 1873.
Total: 1.571400 ms (FindLiveObjects: 0.123700 ms CreateObjectMapping: 0.031700 ms MarkObjects: 1.402500 ms  DeleteObjects: 0.012800 ms)

AssetImportParameters requested are different than current active one (requested -> active):
  custom:framework-win-MediaFoundation: 216162199b28c13a410421893ffa2e32 -> 
  custom:video-decoder-ogg-theora: a1e56fd34408186e4bbccfd4996cb3dc -> 
  custom:container-muxer-webm: aa71ff27fc2769a1b78a27578f13a17b -> 
  custom:container-demuxer-webm: 4f35f7cbe854078d1ac9338744f61a02 -> 
  custom:container-demuxer-ogg: 62fdf1f143b41e24485cea50d1cbac27 -> 
  custom:video-encoder-webm-vp8: eb34c28f22e8b96e1ab97ce403110664 -> 
  custom:video-decoder-webm-vp8: 9c59270c3fd7afecdb556c50c9e8de78 -> 
  custom:audio-decoder-ogg-vorbis: bf7c407c2cedff20999df2af8eb42d56 -> 
  custom:audio-encoder-webm-vorbis: bf7c407c2cedff20999df2af8eb42d56 -> 
========================================================================
Received Import Request.
  Time since last request: 3826.318203 seconds.
  path: Assets/Scripts/HexMap/Enum
  artifactKey: Guid(6baa6048348e5e045913b39966300403) Importer(815301076,1909f56bfc062723c751e8b465ee728b)
Start importing Assets/Scripts/HexMap/Enum using Guid(6baa6048348e5e045913b39966300403) Importer(815301076,1909f56bfc062723c751e8b465ee728b)  -> (artifact id: 'f865d4b7765955847ab28026e017d16e') in 0.008176 seconds 
  Import took 0.010638 seconds .

========================================================================
Received Import Request.
  Time since last request: 12.746527 seconds.
  path: Assets/Scripts/HexMap/Enum/OptionalToggle.cs
  artifactKey: Guid(4266af1dd7d5c8944a65fe7afbf9172b) Importer(815301076,1909f56bfc062723c751e8b465ee728b)
Start importing Assets/Scripts/HexMap/Enum/OptionalToggle.cs using Guid(4266af1dd7d5c8944a65fe7afbf9172b) Importer(815301076,1909f56bfc062723c751e8b465ee728b)  -> (artifact id: 'c53648afe08f1bba11c03f76f0a7869d') in 0.005515 seconds 
  Import took 0.007597 seconds .

========================================================================
Received Prepare
Registering precompiled user dll's ...
Registered in 0.002724 seconds.
Begin MonoManager ReloadAssembly
Native extension for WindowsStandalone target not found
Refreshing native plugins compatible for Editor in 0.32 ms, found 2 plugins.
Preloading 0 native plugins for Editor in 0.00 ms.
Mono: successfully reloaded assembly
- Completed reload, in  0.726 seconds
Domain Reload Profiling:
	ReloadAssembly (726ms)
		BeginReloadAssembly (82ms)
			ExecutionOrderSort (0ms)
			DisableScriptedObjects (4ms)
			BackupInstance (0ms)
			ReleaseScriptingObjects (0ms)
			CreateAndSetChildDomain (22ms)
		EndReloadAssembly (593ms)
			LoadAssemblies (67ms)
			RebuildTransferFunctionScriptingTraits (0ms)
			SetupTypeCache (202ms)
			ReleaseScriptCaches (1ms)
			RebuildScriptCaches (29ms)
			SetupLoadedEditorAssemblies (220ms)
				LogAssemblyErrors (0ms)
				InitializePlatformSupportModulesInManaged (4ms)
				SetLoadedEditorAssemblies (0ms)
				RefreshPlugins (0ms)
				BeforeProcessingInitializeOnLoad (75ms)
				ProcessInitializeOnLoadAttributes (132ms)
				ProcessInitializeOnLoadMethodAttributes (3ms)
				AfterProcessingInitializeOnLoad (5ms)
				EditorAssembliesLoaded (0ms)
			ExecutionOrderSort2 (0ms)
			AwakeInstancesAfterBackupRestoration (5ms)
Platform modules already initialized, skipping
Refreshing native plugins compatible for Editor in 0.31 ms, found 2 plugins.
Preloading 0 native plugins for Editor in 0.00 ms.
Unloading 1398 Unused Serialized files (Serialized files now loaded: 0)
System memory in use before: 66.7 MB.
System memory in use after: 66.8 MB.

Unloading 13 unused Assets to reduce memory usage. Loaded Objects now: 1877.
Total: 1.516300 ms (FindLiveObjects: 0.118100 ms CreateObjectMapping: 0.028100 ms MarkObjects: 1.358100 ms  DeleteObjects: 0.011400 ms)

AssetImportParameters requested are different than current active one (requested -> active):
  custom:framework-win-MediaFoundation: 216162199b28c13a410421893ffa2e32 -> 
  custom:video-decoder-ogg-theora: a1e56fd34408186e4bbccfd4996cb3dc -> 
  custom:container-muxer-webm: aa71ff27fc2769a1b78a27578f13a17b -> 
  custom:container-demuxer-webm: 4f35f7cbe854078d1ac9338744f61a02 -> 
  custom:container-demuxer-ogg: 62fdf1f143b41e24485cea50d1cbac27 -> 
  custom:video-encoder-webm-vp8: eb34c28f22e8b96e1ab97ce403110664 -> 
  custom:video-decoder-webm-vp8: 9c59270c3fd7afecdb556c50c9e8de78 -> 
  custom:audio-decoder-ogg-vorbis: bf7c407c2cedff20999df2af8eb42d56 -> 
  custom:audio-encoder-webm-vorbis: bf7c407c2cedff20999df2af8eb42d56 -> 
========================================================================
Received Prepare
Registering precompiled user dll's ...
Registered in 0.002665 seconds.
Begin MonoManager ReloadAssembly
Native extension for WindowsStandalone target not found
Refreshing native plugins compatible for Editor in 0.31 ms, found 2 plugins.
Preloading 0 native plugins for Editor in 0.00 ms.
Mono: successfully reloaded assembly
- Completed reload, in  0.727 seconds
Domain Reload Profiling:
	ReloadAssembly (727ms)
		BeginReloadAssembly (90ms)
			ExecutionOrderSort (0ms)
			DisableScriptedObjects (3ms)
			BackupInstance (0ms)
			ReleaseScriptingObjects (0ms)
			CreateAndSetChildDomain (22ms)
		EndReloadAssembly (586ms)
			LoadAssemblies (65ms)
			RebuildTransferFunctionScriptingTraits (0ms)
			SetupTypeCache (203ms)
			ReleaseScriptCaches (1ms)
			RebuildScriptCaches (29ms)
			SetupLoadedEditorAssemblies (214ms)
				LogAssemblyErrors (0ms)
				InitializePlatformSupportModulesInManaged (4ms)
				SetLoadedEditorAssemblies (0ms)
				RefreshPlugins (0ms)
				BeforeProcessingInitializeOnLoad (74ms)
				ProcessInitializeOnLoadAttributes (127ms)
				ProcessInitializeOnLoadMethodAttributes (3ms)
				AfterProcessingInitializeOnLoad (5ms)
				EditorAssembliesLoaded (0ms)
			ExecutionOrderSort2 (0ms)
			AwakeInstancesAfterBackupRestoration (5ms)
Platform modules already initialized, skipping
Refreshing native plugins compatible for Editor in 0.30 ms, found 2 plugins.
Preloading 0 native plugins for Editor in 0.00 ms.
Unloading 1398 Unused Serialized files (Serialized files now loaded: 0)
System memory in use before: 66.7 MB.
System memory in use after: 66.8 MB.

Unloading 13 unused Assets to reduce memory usage. Loaded Objects now: 1880.
Total: 1.522900 ms (FindLiveObjects: 0.123300 ms CreateObjectMapping: 0.027600 ms MarkObjects: 1.359900 ms  DeleteObjects: 0.011400 ms)

AssetImportParameters requested are different than current active one (requested -> active):
  custom:framework-win-MediaFoundation: 216162199b28c13a410421893ffa2e32 -> 
  custom:video-decoder-ogg-theora: a1e56fd34408186e4bbccfd4996cb3dc -> 
  custom:container-muxer-webm: aa71ff27fc2769a1b78a27578f13a17b -> 
  custom:container-demuxer-webm: 4f35f7cbe854078d1ac9338744f61a02 -> 
  custom:container-demuxer-ogg: 62fdf1f143b41e24485cea50d1cbac27 -> 
  custom:video-encoder-webm-vp8: eb34c28f22e8b96e1ab97ce403110664 -> 
  custom:video-decoder-webm-vp8: 9c59270c3fd7afecdb556c50c9e8de78 -> 
  custom:audio-decoder-ogg-vorbis: bf7c407c2cedff20999df2af8eb42d56 -> 
  custom:audio-encoder-webm-vorbis: bf7c407c2cedff20999df2af8eb42d56 -> 
========================================================================
Received Import Request.
  Time since last request: 112.936588 seconds.
  path: Assets/Scripts/HexMap/Enum/OptionalToggle.cs
  artifactKey: Guid(4266af1dd7d5c8944a65fe7afbf9172b) Importer(815301076,1909f56bfc062723c751e8b465ee728b)
Start importing Assets/Scripts/HexMap/Enum/OptionalToggle.cs using Guid(4266af1dd7d5c8944a65fe7afbf9172b) Importer(815301076,1909f56bfc062723c751e8b465ee728b)  -> (artifact id: '41731821ac2ee74681e9bee486add51c') in 0.007869 seconds 
  Import took 0.010280 seconds .

========================================================================
Received Import Request.
  Time since last request: 27.410678 seconds.
  path: Assets/Prefabs/Hex Grid.prefab
  artifactKey: Guid(70422f588e45ad4489fa002af89dd3c5) Importer(815301076,1909f56bfc062723c751e8b465ee728b)
Start importing Assets/Prefabs/Hex Grid.prefab using Guid(70422f588e45ad4489fa002af89dd3c5) Importer(815301076,1909f56bfc062723c751e8b465ee728b)  -> (artifact id: '9bf72f1804ff0cd3c0b8b4733039a6d8') in 0.094906 seconds 
  Import took 0.097811 seconds .

========================================================================
Received Import Request.
  Time since last request: 9.547508 seconds.
  path: Assets/Prefabs/Hex Grid.prefab
  artifactKey: Guid(70422f588e45ad4489fa002af89dd3c5) Importer(815301076,1909f56bfc062723c751e8b465ee728b)
Start importing Assets/Prefabs/Hex Grid.prefab using Guid(70422f588e45ad4489fa002af89dd3c5) Importer(815301076,1909f56bfc062723c751e8b465ee728b)  -> (artifact id: '40c62db107368ae53f7d15088f550395') in 0.022565 seconds 
  Import took 0.025077 seconds .

========================================================================
Received Import Request.
  Time since last request: 9.958756 seconds.
  path: Assets/Prefabs/Hex Grid.prefab
  artifactKey: Guid(70422f588e45ad4489fa002af89dd3c5) Importer(815301076,1909f56bfc062723c751e8b465ee728b)
Start importing Assets/Prefabs/Hex Grid.prefab using Guid(70422f588e45ad4489fa002af89dd3c5) Importer(815301076,1909f56bfc062723c751e8b465ee728b)  -> (artifact id: '6d153c7d48c2348b47c4ff06e26eb01d') in 0.021446 seconds 
  Import took 0.029482 seconds .

========================================================================
Received Import Request.
  Time since last request: 1.836739 seconds.
  path: Assets/Prefabs/Hex Grid.prefab
  artifactKey: Guid(70422f588e45ad4489fa002af89dd3c5) Importer(815301076,1909f56bfc062723c751e8b465ee728b)
Start importing Assets/Prefabs/Hex Grid.prefab using Guid(70422f588e45ad4489fa002af89dd3c5) Importer(815301076,1909f56bfc062723c751e8b465ee728b)  -> (artifact id: '76db49299cc528fa7466be7c6fa6ac18') in 0.020147 seconds 
  Import took 0.023307 seconds .

========================================================================
Received Import Request.
  Time since last request: 7.679841 seconds.
  path: Assets/Prefabs/Hex Grid.prefab
  artifactKey: Guid(70422f588e45ad4489fa002af89dd3c5) Importer(815301076,1909f56bfc062723c751e8b465ee728b)
Start importing Assets/Prefabs/Hex Grid.prefab using Guid(70422f588e45ad4489fa002af89dd3c5) Importer(815301076,1909f56bfc062723c751e8b465ee728b)  -> (artifact id: '61551c859e3cf853c63718eb606fd2ac') in 0.019864 seconds 
  Import took 0.037811 seconds .

========================================================================
Received Import Request.
  Time since last request: 1.510910 seconds.
  path: Assets/Prefabs/Hex Grid.prefab
  artifactKey: Guid(70422f588e45ad4489fa002af89dd3c5) Importer(815301076,1909f56bfc062723c751e8b465ee728b)
Start importing Assets/Prefabs/Hex Grid.prefab using Guid(70422f588e45ad4489fa002af89dd3c5) Importer(815301076,1909f56bfc062723c751e8b465ee728b)  -> (artifact id: 'a8aa296ba9ffa17aeed05205993e3c58') in 0.019998 seconds 
  Import took 0.022219 seconds .

========================================================================
Received Import Request.
  Time since last request: 7.214048 seconds.
  path: Assets/Prefabs/Hex Grid.prefab
  artifactKey: Guid(70422f588e45ad4489fa002af89dd3c5) Importer(815301076,1909f56bfc062723c751e8b465ee728b)
Start importing Assets/Prefabs/Hex Grid.prefab using Guid(70422f588e45ad4489fa002af89dd3c5) Importer(815301076,1909f56bfc062723c751e8b465ee728b)  -> (artifact id: '9ab7d373673f3314f7036fe6fea4d9d9') in 0.019779 seconds 
  Import took 0.022106 seconds .

========================================================================
Received Import Request.
  Time since last request: 6.422017 seconds.
  path: Assets/Prefabs/Hex Grid.prefab
  artifactKey: Guid(70422f588e45ad4489fa002af89dd3c5) Importer(815301076,1909f56bfc062723c751e8b465ee728b)
Start importing Assets/Prefabs/Hex Grid.prefab using Guid(70422f588e45ad4489fa002af89dd3c5) Importer(815301076,1909f56bfc062723c751e8b465ee728b)  -> (artifact id: '0e92e5fc2d3da6959d987c6d1f6d6f21') in 0.020117 seconds 
  Import took 0.022432 seconds .

========================================================================
Received Import Request.
  Time since last request: 7.052708 seconds.
  path: Assets/Prefabs/Hex Grid.prefab
  artifactKey: Guid(70422f588e45ad4489fa002af89dd3c5) Importer(815301076,1909f56bfc062723c751e8b465ee728b)
Start importing Assets/Prefabs/Hex Grid.prefab using Guid(70422f588e45ad4489fa002af89dd3c5) Importer(815301076,1909f56bfc062723c751e8b465ee728b)  -> (artifact id: '829ec8ca22c728a8a709eeceb84900dc') in 0.020161 seconds 
  Import took 0.022481 seconds .

========================================================================
Received Import Request.
  Time since last request: 16.926669 seconds.
  path: Assets/Prefabs/Hex Grid.prefab
  artifactKey: Guid(70422f588e45ad4489fa002af89dd3c5) Importer(815301076,1909f56bfc062723c751e8b465ee728b)
Start importing Assets/Prefabs/Hex Grid.prefab using Guid(70422f588e45ad4489fa002af89dd3c5) Importer(815301076,1909f56bfc062723c751e8b465ee728b)  -> (artifact id: '4efa2fecb0a2ec3d7af91fdfe8fba440') in 0.019843 seconds 
  Import took 0.030887 seconds .

========================================================================
Received Import Request.
  Time since last request: 25.532245 seconds.
  path: Assets/Prefabs/Hex Grid.prefab
  artifactKey: Guid(70422f588e45ad4489fa002af89dd3c5) Importer(815301076,1909f56bfc062723c751e8b465ee728b)
Start importing Assets/Prefabs/Hex Grid.prefab using Guid(70422f588e45ad4489fa002af89dd3c5) Importer(815301076,1909f56bfc062723c751e8b465ee728b)  -> (artifact id: '2ff183a37a6338701bcddc8afde591ff') in 0.020928 seconds 
  Import took 0.023759 seconds .

========================================================================
Received Import Request.
  Time since last request: 0.559047 seconds.
  path: Assets/Prefabs/Hex Grid.prefab
  artifactKey: Guid(70422f588e45ad4489fa002af89dd3c5) Importer(815301076,1909f56bfc062723c751e8b465ee728b)
Start importing Assets/Prefabs/Hex Grid.prefab using Guid(70422f588e45ad4489fa002af89dd3c5) Importer(815301076,1909f56bfc062723c751e8b465ee728b)  -> (artifact id: 'f07dd57d5bac30895725006c04c96f68') in 0.019210 seconds 
  Import took 0.022016 seconds .

========================================================================
Received Import Request.
  Time since last request: 9.467776 seconds.
  path: Assets/Prefabs/Hex Grid.prefab
  artifactKey: Guid(70422f588e45ad4489fa002af89dd3c5) Importer(815301076,1909f56bfc062723c751e8b465ee728b)
Start importing Assets/Prefabs/Hex Grid.prefab using Guid(70422f588e45ad4489fa002af89dd3c5) Importer(815301076,1909f56bfc062723c751e8b465ee728b)  -> (artifact id: '579f0e8af1299ab73eb6d827bebdc9ef') in 0.020777 seconds 
  Import took 0.022967 seconds .

========================================================================
Received Import Request.
  Time since last request: 2.211565 seconds.
  path: Assets/Prefabs/Hex Grid.prefab
  artifactKey: Guid(70422f588e45ad4489fa002af89dd3c5) Importer(815301076,1909f56bfc062723c751e8b465ee728b)
Start importing Assets/Prefabs/Hex Grid.prefab using Guid(70422f588e45ad4489fa002af89dd3c5) Importer(815301076,1909f56bfc062723c751e8b465ee728b)  -> (artifact id: '6f3e6e3e6ead228064bc70277632cb69') in 0.020027 seconds 
  Import took 0.022328 seconds .

========================================================================
Received Import Request.
  Time since last request: 3.584215 seconds.
  path: Assets/Prefabs/Hex Grid.prefab
  artifactKey: Guid(70422f588e45ad4489fa002af89dd3c5) Importer(815301076,1909f56bfc062723c751e8b465ee728b)
Start importing Assets/Prefabs/Hex Grid.prefab using Guid(70422f588e45ad4489fa002af89dd3c5) Importer(815301076,1909f56bfc062723c751e8b465ee728b)  -> (artifact id: 'c4ebee6be4ce81970397ad3a44eb60c6') in 0.020808 seconds 
  Import took 0.023116 seconds .

========================================================================
Received Import Request.
  Time since last request: 1.419397 seconds.
  path: Assets/Prefabs/Hex Grid.prefab
  artifactKey: Guid(70422f588e45ad4489fa002af89dd3c5) Importer(815301076,1909f56bfc062723c751e8b465ee728b)
Start importing Assets/Prefabs/Hex Grid.prefab using Guid(70422f588e45ad4489fa002af89dd3c5) Importer(815301076,1909f56bfc062723c751e8b465ee728b)  -> (artifact id: '6a651d851a599637c66ba274b507725e') in 0.019728 seconds 
  Import took 0.022120 seconds .

========================================================================
Received Import Request.
  Time since last request: 2.180997 seconds.
  path: Assets/Prefabs/Hex Grid.prefab
  artifactKey: Guid(70422f588e45ad4489fa002af89dd3c5) Importer(815301076,1909f56bfc062723c751e8b465ee728b)
Start importing Assets/Prefabs/Hex Grid.prefab using Guid(70422f588e45ad4489fa002af89dd3c5) Importer(815301076,1909f56bfc062723c751e8b465ee728b)  -> (artifact id: '24aa9443abd21ac3f8e637a2ff22b5a9') in 0.020493 seconds 
  Import took 0.023551 seconds .

========================================================================
Received Import Request.
  Time since last request: 1.760200 seconds.
  path: Assets/Prefabs/Hex Grid.prefab
  artifactKey: Guid(70422f588e45ad4489fa002af89dd3c5) Importer(815301076,1909f56bfc062723c751e8b465ee728b)
Start importing Assets/Prefabs/Hex Grid.prefab using Guid(70422f588e45ad4489fa002af89dd3c5) Importer(815301076,1909f56bfc062723c751e8b465ee728b)  -> (artifact id: '43bb90d507f12682245283c17c394329') in 0.019552 seconds 
  Import took 0.021968 seconds .

========================================================================
Received Import Request.
  Time since last request: 11.067740 seconds.
  path: Assets/Prefabs/Hex Grid.prefab
  artifactKey: Guid(70422f588e45ad4489fa002af89dd3c5) Importer(815301076,1909f56bfc062723c751e8b465ee728b)
Start importing Assets/Prefabs/Hex Grid.prefab using Guid(70422f588e45ad4489fa002af89dd3c5) Importer(815301076,1909f56bfc062723c751e8b465ee728b)  -> (artifact id: 'e9183576f058ec6aea8faaff838fc8ce') in 0.020259 seconds 
  Import took 0.023050 seconds .

========================================================================
Received Import Request.
  Time since last request: 70.640028 seconds.
  path: Assets/Prefabs/Hex Grid.prefab
  artifactKey: Guid(70422f588e45ad4489fa002af89dd3c5) Importer(815301076,1909f56bfc062723c751e8b465ee728b)
Start importing Assets/Prefabs/Hex Grid.prefab using Guid(70422f588e45ad4489fa002af89dd3c5) Importer(815301076,1909f56bfc062723c751e8b465ee728b)  -> (artifact id: '5e2d62d96ee1b73bdbd5004bf086be71') in 0.020322 seconds 
  Import took 0.023152 seconds .

========================================================================
Received Import Request.
  Time since last request: 7.172793 seconds.
  path: Assets/Prefabs/Hex Grid.prefab
  artifactKey: Guid(70422f588e45ad4489fa002af89dd3c5) Importer(815301076,1909f56bfc062723c751e8b465ee728b)
Start importing Assets/Prefabs/Hex Grid.prefab using Guid(70422f588e45ad4489fa002af89dd3c5) Importer(815301076,1909f56bfc062723c751e8b465ee728b)  -> (artifact id: 'cedd8fe5190dcfb662a29794359280e9') in 0.020386 seconds 
  Import took 0.022949 seconds .

========================================================================
Received Import Request.
  Time since last request: 4.395380 seconds.
  path: Assets/Prefabs/Hex Grid.prefab
  artifactKey: Guid(70422f588e45ad4489fa002af89dd3c5) Importer(815301076,1909f56bfc062723c751e8b465ee728b)
Start importing Assets/Prefabs/Hex Grid.prefab using Guid(70422f588e45ad4489fa002af89dd3c5) Importer(815301076,1909f56bfc062723c751e8b465ee728b)  -> (artifact id: '547f5cf6270982f65075260131b366fc') in 0.020360 seconds 
  Import took 0.023526 seconds .

========================================================================
Received Import Request.
  Time since last request: 5.833929 seconds.
  path: Assets/Prefabs/Hex Grid.prefab
  artifactKey: Guid(70422f588e45ad4489fa002af89dd3c5) Importer(815301076,1909f56bfc062723c751e8b465ee728b)
Start importing Assets/Prefabs/Hex Grid.prefab using Guid(70422f588e45ad4489fa002af89dd3c5) Importer(815301076,1909f56bfc062723c751e8b465ee728b)  -> (artifact id: '4c87119c344e17b120ac629d1397a52c') in 0.019524 seconds 
  Import took 0.021698 seconds .

========================================================================
Received Import Request.
  Time since last request: 44.590846 seconds.
  path: Assets/Prefabs/Hex Grid.prefab
  artifactKey: Guid(70422f588e45ad4489fa002af89dd3c5) Importer(815301076,1909f56bfc062723c751e8b465ee728b)
Start importing Assets/Prefabs/Hex Grid.prefab using Guid(70422f588e45ad4489fa002af89dd3c5) Importer(815301076,1909f56bfc062723c751e8b465ee728b)  -> (artifact id: '180c01a649ea5180c6697b1d3500ef25') in 0.019957 seconds 
  Import took 0.022637 seconds .

========================================================================
Received Import Request.
  Time since last request: 6.427822 seconds.
  path: Assets/Prefabs/Hex Grid.prefab
  artifactKey: Guid(70422f588e45ad4489fa002af89dd3c5) Importer(815301076,1909f56bfc062723c751e8b465ee728b)
Start importing Assets/Prefabs/Hex Grid.prefab using Guid(70422f588e45ad4489fa002af89dd3c5) Importer(815301076,1909f56bfc062723c751e8b465ee728b)  -> (artifact id: '14b9dfac9c266a3c6f2ef0fa4819e948') in 0.021302 seconds 
  Import took 0.033057 seconds .

========================================================================
Received Import Request.
  Time since last request: 48.693308 seconds.
  path: Assets/Prefabs/Hex Grid.prefab
  artifactKey: Guid(70422f588e45ad4489fa002af89dd3c5) Importer(815301076,1909f56bfc062723c751e8b465ee728b)
Start importing Assets/Prefabs/Hex Grid.prefab using Guid(70422f588e45ad4489fa002af89dd3c5) Importer(815301076,1909f56bfc062723c751e8b465ee728b)  -> (artifact id: '16800694bf057968be548b6550b4f940') in 0.019784 seconds 
  Import took 0.022138 seconds .

========================================================================
Received Import Request.
  Time since last request: 7.237883 seconds.
  path: Assets/Prefabs/Hex Grid.prefab
  artifactKey: Guid(70422f588e45ad4489fa002af89dd3c5) Importer(815301076,1909f56bfc062723c751e8b465ee728b)
Start importing Assets/Prefabs/Hex Grid.prefab using Guid(70422f588e45ad4489fa002af89dd3c5) Importer(815301076,1909f56bfc062723c751e8b465ee728b)  -> (artifact id: '5843f6f262dc7a44b13b9cab407c30b9') in 0.020303 seconds 
  Import took 0.022597 seconds .

========================================================================
Received Import Request.
  Time since last request: 5.602224 seconds.
  path: Assets/Prefabs/Hex Grid.prefab
  artifactKey: Guid(70422f588e45ad4489fa002af89dd3c5) Importer(815301076,1909f56bfc062723c751e8b465ee728b)
Start importing Assets/Prefabs/Hex Grid.prefab using Guid(70422f588e45ad4489fa002af89dd3c5) Importer(815301076,1909f56bfc062723c751e8b465ee728b)  -> (artifact id: '0497376446bd5550a484757ddc29cfe6') in 0.019419 seconds 
  Import took 0.021592 seconds .

========================================================================
Received Import Request.
  Time since last request: 5.619614 seconds.
  path: Assets/Prefabs/Hex Grid.prefab
  artifactKey: Guid(70422f588e45ad4489fa002af89dd3c5) Importer(815301076,1909f56bfc062723c751e8b465ee728b)
Start importing Assets/Prefabs/Hex Grid.prefab using Guid(70422f588e45ad4489fa002af89dd3c5) Importer(815301076,1909f56bfc062723c751e8b465ee728b)  -> (artifact id: '51fe58afd2db3ee01f3add893375b206') in 0.020109 seconds 
  Import took 0.035519 seconds .

========================================================================
Received Import Request.
  Time since last request: 2.975270 seconds.
  path: Assets/Prefabs/Hex Grid.prefab
  artifactKey: Guid(70422f588e45ad4489fa002af89dd3c5) Importer(815301076,1909f56bfc062723c751e8b465ee728b)
Start importing Assets/Prefabs/Hex Grid.prefab using Guid(70422f588e45ad4489fa002af89dd3c5) Importer(815301076,1909f56bfc062723c751e8b465ee728b)  -> (artifact id: '0d9dccc73541a7f2775b5cd331a68953') in 0.019363 seconds 
  Import took 0.021780 seconds .

========================================================================
Received Import Request.
  Time since last request: 9.474696 seconds.
  path: Assets/Prefabs/Hex Grid.prefab
  artifactKey: Guid(70422f588e45ad4489fa002af89dd3c5) Importer(815301076,1909f56bfc062723c751e8b465ee728b)
Start importing Assets/Prefabs/Hex Grid.prefab using Guid(70422f588e45ad4489fa002af89dd3c5) Importer(815301076,1909f56bfc062723c751e8b465ee728b)  -> (artifact id: 'b7d8b8ff53fe50323250cae4af0cebf7') in 0.020970 seconds 
  Import took 0.023429 seconds .

========================================================================
Received Import Request.
  Time since last request: 11.046193 seconds.
  path: Assets/Prefabs/Hex Grid.prefab
  artifactKey: Guid(70422f588e45ad4489fa002af89dd3c5) Importer(815301076,1909f56bfc062723c751e8b465ee728b)
Start importing Assets/Prefabs/Hex Grid.prefab using Guid(70422f588e45ad4489fa002af89dd3c5) Importer(815301076,1909f56bfc062723c751e8b465ee728b)  -> (artifact id: '8519211694d360dfbb04a1b01e3c90ae') in 0.019452 seconds 
  Import took 0.021687 seconds .

========================================================================
Received Import Request.
  Time since last request: 2.388364 seconds.
  path: Assets/Prefabs/Hex Grid.prefab
  artifactKey: Guid(70422f588e45ad4489fa002af89dd3c5) Importer(815301076,1909f56bfc062723c751e8b465ee728b)
Start importing Assets/Prefabs/Hex Grid.prefab using Guid(70422f588e45ad4489fa002af89dd3c5) Importer(815301076,1909f56bfc062723c751e8b465ee728b)  -> (artifact id: '632040e8f1ab8221187898cf0b1f9238') in 0.020075 seconds 
  Import took 0.022309 seconds .

========================================================================
Received Import Request.
  Time since last request: 14.475554 seconds.
  path: Assets/Prefabs/Hex Grid.prefab
  artifactKey: Guid(70422f588e45ad4489fa002af89dd3c5) Importer(815301076,1909f56bfc062723c751e8b465ee728b)
Start importing Assets/Prefabs/Hex Grid.prefab using Guid(70422f588e45ad4489fa002af89dd3c5) Importer(815301076,1909f56bfc062723c751e8b465ee728b)  -> (artifact id: '3f728f9ae252e6be3a227649eb42f3ba') in 0.019403 seconds 
  Import took 0.021587 seconds .

========================================================================
Received Import Request.
  Time since last request: 11.673441 seconds.
  path: Assets/Prefabs/Hex Grid.prefab
  artifactKey: Guid(70422f588e45ad4489fa002af89dd3c5) Importer(815301076,1909f56bfc062723c751e8b465ee728b)
Start importing Assets/Prefabs/Hex Grid.prefab using Guid(70422f588e45ad4489fa002af89dd3c5) Importer(815301076,1909f56bfc062723c751e8b465ee728b)  -> (artifact id: '6e99eac2d26953a55d7855a402953906') in 0.020105 seconds 
  Import took 0.022497 seconds .

========================================================================
Received Import Request.
  Time since last request: 4.011437 seconds.
  path: Assets/Prefabs/Hex Grid.prefab
  artifactKey: Guid(70422f588e45ad4489fa002af89dd3c5) Importer(815301076,1909f56bfc062723c751e8b465ee728b)
Start importing Assets/Prefabs/Hex Grid.prefab using Guid(70422f588e45ad4489fa002af89dd3c5) Importer(815301076,1909f56bfc062723c751e8b465ee728b)  -> (artifact id: '6f5d8941801a90bafdf952777040ad06') in 0.020845 seconds 
  Import took 0.023082 seconds .

========================================================================
Received Import Request.
  Time since last request: 3.795596 seconds.
  path: Assets/Prefabs/Hex Grid.prefab
  artifactKey: Guid(70422f588e45ad4489fa002af89dd3c5) Importer(815301076,1909f56bfc062723c751e8b465ee728b)
Start importing Assets/Prefabs/Hex Grid.prefab using Guid(70422f588e45ad4489fa002af89dd3c5) Importer(815301076,1909f56bfc062723c751e8b465ee728b)  -> (artifact id: '7d46ff51bf5b1d84d671a8c33f01a315') in 0.020186 seconds 
  Import took 0.022959 seconds .

========================================================================
Received Import Request.
  Time since last request: 19.821274 seconds.
  path: Assets/Prefabs/Hex Grid.prefab
  artifactKey: Guid(70422f588e45ad4489fa002af89dd3c5) Importer(815301076,1909f56bfc062723c751e8b465ee728b)
Start importing Assets/Prefabs/Hex Grid.prefab using Guid(70422f588e45ad4489fa002af89dd3c5) Importer(815301076,1909f56bfc062723c751e8b465ee728b)  -> (artifact id: '93e2c06816b90c169acac3227fdc1fae') in 0.020590 seconds 
  Import took 0.022873 seconds .

========================================================================
Received Import Request.
  Time since last request: 3.401822 seconds.
  path: Assets/Prefabs/Hex Grid.prefab
  artifactKey: Guid(70422f588e45ad4489fa002af89dd3c5) Importer(815301076,1909f56bfc062723c751e8b465ee728b)
Start importing Assets/Prefabs/Hex Grid.prefab using Guid(70422f588e45ad4489fa002af89dd3c5) Importer(815301076,1909f56bfc062723c751e8b465ee728b)  -> (artifact id: '6148e235f58d450b0307466f9de30adb') in 0.019866 seconds 
  Import took 0.022066 seconds .

========================================================================
Received Import Request.
  Time since last request: 1.575830 seconds.
  path: Assets/Prefabs/Hex Grid.prefab
  artifactKey: Guid(70422f588e45ad4489fa002af89dd3c5) Importer(815301076,1909f56bfc062723c751e8b465ee728b)
Start importing Assets/Prefabs/Hex Grid.prefab using Guid(70422f588e45ad4489fa002af89dd3c5) Importer(815301076,1909f56bfc062723c751e8b465ee728b)  -> (artifact id: '6cdce0589ec04fc07decdcb27574964f') in 0.020322 seconds 
  Import took 0.022511 seconds .

========================================================================
Received Import Request.
  Time since last request: 6.829612 seconds.
  path: Assets/Prefabs/Hex Grid.prefab
  artifactKey: Guid(70422f588e45ad4489fa002af89dd3c5) Importer(815301076,1909f56bfc062723c751e8b465ee728b)
Start importing Assets/Prefabs/Hex Grid.prefab using Guid(70422f588e45ad4489fa002af89dd3c5) Importer(815301076,1909f56bfc062723c751e8b465ee728b)  -> (artifact id: '562f777993ee2a78cca6c67c1a77fd96') in 0.020182 seconds 
  Import took 0.022690 seconds .

========================================================================
Received Import Request.
  Time since last request: 3.605166 seconds.
  path: Assets/Prefabs/Hex Grid.prefab
  artifactKey: Guid(70422f588e45ad4489fa002af89dd3c5) Importer(815301076,1909f56bfc062723c751e8b465ee728b)
Start importing Assets/Prefabs/Hex Grid.prefab using Guid(70422f588e45ad4489fa002af89dd3c5) Importer(815301076,1909f56bfc062723c751e8b465ee728b)  -> (artifact id: 'c0ea9cad385d84041b7e796c02ddc2c6') in 0.020461 seconds 
  Import took 0.022704 seconds .

========================================================================
Received Import Request.
  Time since last request: 5.002551 seconds.
  path: Assets/Prefabs/Hex Grid.prefab
  artifactKey: Guid(70422f588e45ad4489fa002af89dd3c5) Importer(815301076,1909f56bfc062723c751e8b465ee728b)
Start importing Assets/Prefabs/Hex Grid.prefab using Guid(70422f588e45ad4489fa002af89dd3c5) Importer(815301076,1909f56bfc062723c751e8b465ee728b)  -> (artifact id: '6474dbd0356c1a0cd90b1069c51cd8d3') in 0.020014 seconds 
  Import took 0.038670 seconds .

========================================================================
Received Import Request.
  Time since last request: 3.180588 seconds.
  path: Assets/Prefabs/Hex Grid.prefab
  artifactKey: Guid(70422f588e45ad4489fa002af89dd3c5) Importer(815301076,1909f56bfc062723c751e8b465ee728b)
Start importing Assets/Prefabs/Hex Grid.prefab using Guid(70422f588e45ad4489fa002af89dd3c5) Importer(815301076,1909f56bfc062723c751e8b465ee728b)  -> (artifact id: '9f787e7c1de4dfc4d6f16f2501eef356') in 0.020396 seconds 
  Import took 0.042956 seconds .

========================================================================
Received Import Request.
  Time since last request: 2.372750 seconds.
  path: Assets/Prefabs/Hex Grid.prefab
  artifactKey: Guid(70422f588e45ad4489fa002af89dd3c5) Importer(815301076,1909f56bfc062723c751e8b465ee728b)
Start importing Assets/Prefabs/Hex Grid.prefab using Guid(70422f588e45ad4489fa002af89dd3c5) Importer(815301076,1909f56bfc062723c751e8b465ee728b)  -> (artifact id: 'e025d6e32fbca0484f721b83c2e62829') in 0.020053 seconds 
  Import took 0.022280 seconds .

========================================================================
Received Import Request.
  Time since last request: 19.016464 seconds.
  path: Assets/Prefabs/Hex Grid.prefab
  artifactKey: Guid(70422f588e45ad4489fa002af89dd3c5) Importer(815301076,1909f56bfc062723c751e8b465ee728b)
Start importing Assets/Prefabs/Hex Grid.prefab using Guid(70422f588e45ad4489fa002af89dd3c5) Importer(815301076,1909f56bfc062723c751e8b465ee728b)  -> (artifact id: '3ac33905e618712f8fc2d77160461bb6') in 0.020158 seconds 
  Import took 0.022435 seconds .

========================================================================
Received Import Request.
  Time since last request: 8.195654 seconds.
  path: Assets/Prefabs/Hex Grid.prefab
  artifactKey: Guid(70422f588e45ad4489fa002af89dd3c5) Importer(815301076,1909f56bfc062723c751e8b465ee728b)
Start importing Assets/Prefabs/Hex Grid.prefab using Guid(70422f588e45ad4489fa002af89dd3c5) Importer(815301076,1909f56bfc062723c751e8b465ee728b)  -> (artifact id: '3e0714abb1ff8d87a4da391ccff039fb') in 0.021267 seconds 
  Import took 0.023813 seconds .

========================================================================
Received Import Request.
  Time since last request: 11.071247 seconds.
  path: Assets/Prefabs/Hex Grid.prefab
  artifactKey: Guid(70422f588e45ad4489fa002af89dd3c5) Importer(815301076,1909f56bfc062723c751e8b465ee728b)
Start importing Assets/Prefabs/Hex Grid.prefab using Guid(70422f588e45ad4489fa002af89dd3c5) Importer(815301076,1909f56bfc062723c751e8b465ee728b)  -> (artifact id: '84431f0582ef106fa628e4d95c8789b4') in 0.019878 seconds 
  Import took 0.022278 seconds .

========================================================================
Received Import Request.
  Time since last request: 35.197302 seconds.
  path: Assets/Prefabs/Hex Grid.prefab
  artifactKey: Guid(70422f588e45ad4489fa002af89dd3c5) Importer(815301076,1909f56bfc062723c751e8b465ee728b)
Start importing Assets/Prefabs/Hex Grid.prefab using Guid(70422f588e45ad4489fa002af89dd3c5) Importer(815301076,1909f56bfc062723c751e8b465ee728b)  -> (artifact id: 'c5a3aff47506308d145eaba205888e59') in 0.021095 seconds 
  Import took 0.023682 seconds .

========================================================================
Received Import Request.
  Time since last request: 15.098761 seconds.
  path: Assets/Prefabs/Hex Grid.prefab
  artifactKey: Guid(70422f588e45ad4489fa002af89dd3c5) Importer(815301076,1909f56bfc062723c751e8b465ee728b)
Start importing Assets/Prefabs/Hex Grid.prefab using Guid(70422f588e45ad4489fa002af89dd3c5) Importer(815301076,1909f56bfc062723c751e8b465ee728b)  -> (artifact id: 'd3a15b60180107b5f779ad96ed241708') in 0.019430 seconds 
  Import took 0.021609 seconds .

========================================================================
Received Import Request.
  Time since last request: 5.024535 seconds.
  path: Assets/Prefabs/Hex Grid.prefab
  artifactKey: Guid(70422f588e45ad4489fa002af89dd3c5) Importer(815301076,1909f56bfc062723c751e8b465ee728b)
Start importing Assets/Prefabs/Hex Grid.prefab using Guid(70422f588e45ad4489fa002af89dd3c5) Importer(815301076,1909f56bfc062723c751e8b465ee728b)  -> (artifact id: '0394e4c6f65e82a3c2b5c79e5ef2dea2') in 0.020220 seconds 
  Import took 0.030976 seconds .

========================================================================
Received Import Request.
  Time since last request: 47.966698 seconds.
  path: Assets/Prefabs/Hex Grid.prefab
  artifactKey: Guid(70422f588e45ad4489fa002af89dd3c5) Importer(815301076,1909f56bfc062723c751e8b465ee728b)
Start importing Assets/Prefabs/Hex Grid.prefab using Guid(70422f588e45ad4489fa002af89dd3c5) Importer(815301076,1909f56bfc062723c751e8b465ee728b)  -> (artifact id: '08b1d3b8b7ef104c41d65cd5d325b133') in 0.020667 seconds 
  Import took 0.022923 seconds .

========================================================================
Received Import Request.
  Time since last request: 4.204067 seconds.
  path: Assets/Prefabs/Hex Grid.prefab
  artifactKey: Guid(70422f588e45ad4489fa002af89dd3c5) Importer(815301076,1909f56bfc062723c751e8b465ee728b)
Start importing Assets/Prefabs/Hex Grid.prefab using Guid(70422f588e45ad4489fa002af89dd3c5) Importer(815301076,1909f56bfc062723c751e8b465ee728b)  -> (artifact id: '9d67bb64980b57dd9bec16ec6f91b7e9') in 0.020979 seconds 
  Import took 0.023438 seconds .

========================================================================
Received Import Request.
  Time since last request: 10.051890 seconds.
  path: Assets/Prefabs/Hex Grid.prefab
  artifactKey: Guid(70422f588e45ad4489fa002af89dd3c5) Importer(815301076,1909f56bfc062723c751e8b465ee728b)
Start importing Assets/Prefabs/Hex Grid.prefab using Guid(70422f588e45ad4489fa002af89dd3c5) Importer(815301076,1909f56bfc062723c751e8b465ee728b)  -> (artifact id: '2db69c0b59f466e35c415b4454160d33') in 0.020754 seconds 
  Import took 0.023023 seconds .

========================================================================
Received Import Request.
  Time since last request: 6.047889 seconds.
  path: Assets/Prefabs/Hex Grid.prefab
  artifactKey: Guid(70422f588e45ad4489fa002af89dd3c5) Importer(815301076,1909f56bfc062723c751e8b465ee728b)
Start importing Assets/Prefabs/Hex Grid.prefab using Guid(70422f588e45ad4489fa002af89dd3c5) Importer(815301076,1909f56bfc062723c751e8b465ee728b)  -> (artifact id: 'a48ee838ca1c9a105d9f2ac9b1ac4c1d') in 0.019655 seconds 
  Import took 0.021907 seconds .

========================================================================
Received Import Request.
  Time since last request: 2.366013 seconds.
  path: Assets/Prefabs/Hex Grid.prefab
  artifactKey: Guid(70422f588e45ad4489fa002af89dd3c5) Importer(815301076,1909f56bfc062723c751e8b465ee728b)
Start importing Assets/Prefabs/Hex Grid.prefab using Guid(70422f588e45ad4489fa002af89dd3c5) Importer(815301076,1909f56bfc062723c751e8b465ee728b)  -> (artifact id: '2eaa43be76bf25730b7185c261186e52') in 0.020518 seconds 
  Import took 0.022835 seconds .

========================================================================
Received Import Request.
  Time since last request: 5.008116 seconds.
  path: Assets/Prefabs/Hex Grid.prefab
  artifactKey: Guid(70422f588e45ad4489fa002af89dd3c5) Importer(815301076,1909f56bfc062723c751e8b465ee728b)
Start importing Assets/Prefabs/Hex Grid.prefab using Guid(70422f588e45ad4489fa002af89dd3c5) Importer(815301076,1909f56bfc062723c751e8b465ee728b)  -> (artifact id: 'aa5443570c049c0bbc592cfe86e2cb8f') in 0.020198 seconds 
  Import took 0.022979 seconds .

========================================================================
Received Import Request.
  Time since last request: 5.426565 seconds.
  path: Assets/Prefabs/Hex Grid.prefab
  artifactKey: Guid(70422f588e45ad4489fa002af89dd3c5) Importer(815301076,1909f56bfc062723c751e8b465ee728b)
Start importing Assets/Prefabs/Hex Grid.prefab using Guid(70422f588e45ad4489fa002af89dd3c5) Importer(815301076,1909f56bfc062723c751e8b465ee728b)  -> (artifact id: 'ff7b8f831a4bde31c2106ee10079ce4e') in 0.020238 seconds 
  Import took 0.022988 seconds .

========================================================================
Received Import Request.
  Time since last request: 12.455231 seconds.
  path: Assets/Prefabs/Hex Grid.prefab
  artifactKey: Guid(70422f588e45ad4489fa002af89dd3c5) Importer(815301076,1909f56bfc062723c751e8b465ee728b)
Start importing Assets/Prefabs/Hex Grid.prefab using Guid(70422f588e45ad4489fa002af89dd3c5) Importer(815301076,1909f56bfc062723c751e8b465ee728b)  -> (artifact id: '853ae9a9541e7105efd8781666d0d190') in 0.020540 seconds 
  Import took 0.022792 seconds .

========================================================================
Received Import Request.
  Time since last request: 1.991773 seconds.
  path: Assets/Prefabs/Hex Grid.prefab
  artifactKey: Guid(70422f588e45ad4489fa002af89dd3c5) Importer(815301076,1909f56bfc062723c751e8b465ee728b)
Start importing Assets/Prefabs/Hex Grid.prefab using Guid(70422f588e45ad4489fa002af89dd3c5) Importer(815301076,1909f56bfc062723c751e8b465ee728b)  -> (artifact id: 'b57a13cfb7d29707e64d6013dfc27c5c') in 0.019527 seconds 
  Import took 0.021786 seconds .

========================================================================
Received Import Request.
  Time since last request: 2.395565 seconds.
  path: Assets/Prefabs/Hex Grid.prefab
  artifactKey: Guid(70422f588e45ad4489fa002af89dd3c5) Importer(815301076,1909f56bfc062723c751e8b465ee728b)
Start importing Assets/Prefabs/Hex Grid.prefab using Guid(70422f588e45ad4489fa002af89dd3c5) Importer(815301076,1909f56bfc062723c751e8b465ee728b)  -> (artifact id: '1a5b305954bd9e48e59d4608fed7d7ae') in 0.020663 seconds 
  Import took 0.022952 seconds .

========================================================================
Received Import Request.
  Time since last request: 2.406759 seconds.
  path: Assets/Prefabs/Hex Grid.prefab
  artifactKey: Guid(70422f588e45ad4489fa002af89dd3c5) Importer(815301076,1909f56bfc062723c751e8b465ee728b)
Start importing Assets/Prefabs/Hex Grid.prefab using Guid(70422f588e45ad4489fa002af89dd3c5) Importer(815301076,1909f56bfc062723c751e8b465ee728b)  -> (artifact id: '72885f46b4dc336b464a09fb91bb056d') in 0.019571 seconds 
  Import took 0.022134 seconds .

========================================================================
Received Import Request.
  Time since last request: 1.588603 seconds.
  path: Assets/Prefabs/Hex Grid.prefab
  artifactKey: Guid(70422f588e45ad4489fa002af89dd3c5) Importer(815301076,1909f56bfc062723c751e8b465ee728b)
Start importing Assets/Prefabs/Hex Grid.prefab using Guid(70422f588e45ad4489fa002af89dd3c5) Importer(815301076,1909f56bfc062723c751e8b465ee728b)  -> (artifact id: '6806fe419503ebc743157f28f7657032') in 0.019649 seconds 
  Import took 0.021946 seconds .

========================================================================
Received Import Request.
  Time since last request: 5.044125 seconds.
  path: Assets/Prefabs/Hex Grid.prefab
  artifactKey: Guid(70422f588e45ad4489fa002af89dd3c5) Importer(815301076,1909f56bfc062723c751e8b465ee728b)
Start importing Assets/Prefabs/Hex Grid.prefab using Guid(70422f588e45ad4489fa002af89dd3c5) Importer(815301076,1909f56bfc062723c751e8b465ee728b)  -> (artifact id: '3b76015b57b75beab93cc2be38b38eb5') in 0.021106 seconds 
  Import took 0.023442 seconds .

========================================================================
Received Import Request.
  Time since last request: 10.815876 seconds.
  path: Assets/Prefabs/Hex Grid.prefab
  artifactKey: Guid(70422f588e45ad4489fa002af89dd3c5) Importer(815301076,1909f56bfc062723c751e8b465ee728b)
Start importing Assets/Prefabs/Hex Grid.prefab using Guid(70422f588e45ad4489fa002af89dd3c5) Importer(815301076,1909f56bfc062723c751e8b465ee728b)  -> (artifact id: '7bda5fe4d4665c9735253f1ceddb9aca') in 0.019756 seconds 
  Import took 0.021978 seconds .

========================================================================
Received Import Request.
  Time since last request: 1.811906 seconds.
  path: Assets/Prefabs/Hex Grid.prefab
  artifactKey: Guid(70422f588e45ad4489fa002af89dd3c5) Importer(815301076,1909f56bfc062723c751e8b465ee728b)
Start importing Assets/Prefabs/Hex Grid.prefab using Guid(70422f588e45ad4489fa002af89dd3c5) Importer(815301076,1909f56bfc062723c751e8b465ee728b)  -> (artifact id: 'fde1fdd3183385525ec1678fdcb7bb32') in 0.020570 seconds 
  Import took 0.023164 seconds .

========================================================================
Received Import Request.
  Time since last request: 3.981380 seconds.
  path: Assets/Prefabs/Hex Grid.prefab
  artifactKey: Guid(70422f588e45ad4489fa002af89dd3c5) Importer(815301076,1909f56bfc062723c751e8b465ee728b)
Start importing Assets/Prefabs/Hex Grid.prefab using Guid(70422f588e45ad4489fa002af89dd3c5) Importer(815301076,1909f56bfc062723c751e8b465ee728b)  -> (artifact id: '1ddf879d610c1eedc0d3a5937a18d0a9') in 0.019703 seconds 
  Import took 0.022030 seconds .

========================================================================
Received Import Request.
  Time since last request: 15.580585 seconds.
  path: Assets/Prefabs/Hex Grid.prefab
  artifactKey: Guid(70422f588e45ad4489fa002af89dd3c5) Importer(815301076,1909f56bfc062723c751e8b465ee728b)
Start importing Assets/Prefabs/Hex Grid.prefab using Guid(70422f588e45ad4489fa002af89dd3c5) Importer(815301076,1909f56bfc062723c751e8b465ee728b)  -> (artifact id: '5318babf7020a9deebe4d2a426442b26') in 0.020797 seconds 
  Import took 0.023119 seconds .

========================================================================
Received Import Request.
  Time since last request: 0.191282 seconds.
  path: Assets/Prefabs/Hex Grid.prefab
  artifactKey: Guid(70422f588e45ad4489fa002af89dd3c5) Importer(815301076,1909f56bfc062723c751e8b465ee728b)
Start importing Assets/Prefabs/Hex Grid.prefab using Guid(70422f588e45ad4489fa002af89dd3c5) Importer(815301076,1909f56bfc062723c751e8b465ee728b)  -> (artifact id: '1d72ee42a87ad6167c46460b992c8740') in 0.020059 seconds 
  Import took 0.022291 seconds .

========================================================================
Received Import Request.
  Time since last request: 6.619885 seconds.
  path: Assets/Prefabs/Hex Grid.prefab
  artifactKey: Guid(70422f588e45ad4489fa002af89dd3c5) Importer(815301076,1909f56bfc062723c751e8b465ee728b)
Start importing Assets/Prefabs/Hex Grid.prefab using Guid(70422f588e45ad4489fa002af89dd3c5) Importer(815301076,1909f56bfc062723c751e8b465ee728b)  -> (artifact id: 'd39b741c5ddafb8e281b4836f7de73dc') in 0.021184 seconds 
  Import took 0.023719 seconds .

========================================================================
Received Import Request.
  Time since last request: 5.442913 seconds.
  path: Assets/Prefabs/Hex Grid.prefab
  artifactKey: Guid(70422f588e45ad4489fa002af89dd3c5) Importer(815301076,1909f56bfc062723c751e8b465ee728b)
Start importing Assets/Prefabs/Hex Grid.prefab using Guid(70422f588e45ad4489fa002af89dd3c5) Importer(815301076,1909f56bfc062723c751e8b465ee728b)  -> (artifact id: '7b6dfb4a1ac16b4a2a4f3915289864fc') in 0.020082 seconds 
  Import took 0.022352 seconds .

========================================================================
Received Import Request.
  Time since last request: 3.788178 seconds.
  path: Assets/Prefabs/Hex Grid.prefab
  artifactKey: Guid(70422f588e45ad4489fa002af89dd3c5) Importer(815301076,1909f56bfc062723c751e8b465ee728b)
Start importing Assets/Prefabs/Hex Grid.prefab using Guid(70422f588e45ad4489fa002af89dd3c5) Importer(815301076,1909f56bfc062723c751e8b465ee728b)  -> (artifact id: 'c4cdfc99c6cc990f68ca697c66d0274c') in 0.020523 seconds 
  Import took 0.022778 seconds .

========================================================================
Received Import Request.
  Time since last request: 4.808596 seconds.
  path: Assets/Prefabs/Hex Grid.prefab
  artifactKey: Guid(70422f588e45ad4489fa002af89dd3c5) Importer(815301076,1909f56bfc062723c751e8b465ee728b)
Start importing Assets/Prefabs/Hex Grid.prefab using Guid(70422f588e45ad4489fa002af89dd3c5) Importer(815301076,1909f56bfc062723c751e8b465ee728b)  -> (artifact id: '9bae028aa46a3983f07e01c723232e47') in 0.019705 seconds 
  Import took 0.021948 seconds .

========================================================================
Received Import Request.
  Time since last request: 2.592309 seconds.
  path: Assets/Prefabs/Hex Grid.prefab
  artifactKey: Guid(70422f588e45ad4489fa002af89dd3c5) Importer(815301076,1909f56bfc062723c751e8b465ee728b)
Start importing Assets/Prefabs/Hex Grid.prefab using Guid(70422f588e45ad4489fa002af89dd3c5) Importer(815301076,1909f56bfc062723c751e8b465ee728b)  -> (artifact id: 'b8ec53c9900d6e04b3fbdeda4263dfb5') in 0.020190 seconds 
  Import took 0.022627 seconds .

========================================================================
Received Import Request.
  Time since last request: 3.409424 seconds.
  path: Assets/Prefabs/Hex Grid.prefab
  artifactKey: Guid(70422f588e45ad4489fa002af89dd3c5) Importer(815301076,1909f56bfc062723c751e8b465ee728b)
Start importing Assets/Prefabs/Hex Grid.prefab using Guid(70422f588e45ad4489fa002af89dd3c5) Importer(815301076,1909f56bfc062723c751e8b465ee728b)  -> (artifact id: 'bc05fe09d17b962b118bf2f808034398') in 0.021061 seconds 
  Import took 0.023339 seconds .

========================================================================
Received Import Request.
  Time since last request: 1.616379 seconds.
  path: Assets/Prefabs/Hex Grid.prefab
  artifactKey: Guid(70422f588e45ad4489fa002af89dd3c5) Importer(815301076,1909f56bfc062723c751e8b465ee728b)
Start importing Assets/Prefabs/Hex Grid.prefab using Guid(70422f588e45ad4489fa002af89dd3c5) Importer(815301076,1909f56bfc062723c751e8b465ee728b)  -> (artifact id: 'a3abf865d7f35cbdca1cebe2ebb9e4e4') in 0.020440 seconds 
  Import took 0.022769 seconds .

========================================================================
Received Import Request.
  Time since last request: 1.988278 seconds.
  path: Assets/Prefabs/Hex Grid.prefab
  artifactKey: Guid(70422f588e45ad4489fa002af89dd3c5) Importer(815301076,1909f56bfc062723c751e8b465ee728b)
Start importing Assets/Prefabs/Hex Grid.prefab using Guid(70422f588e45ad4489fa002af89dd3c5) Importer(815301076,1909f56bfc062723c751e8b465ee728b)  -> (artifact id: 'bb5a00372c37d7c0e6d92a19ece4ecac') in 0.020443 seconds 
  Import took 0.022820 seconds .

========================================================================
Received Import Request.
  Time since last request: 5.854651 seconds.
  path: Assets/Prefabs/Hex Grid.prefab
  artifactKey: Guid(70422f588e45ad4489fa002af89dd3c5) Importer(815301076,1909f56bfc062723c751e8b465ee728b)
Start importing Assets/Prefabs/Hex Grid.prefab using Guid(70422f588e45ad4489fa002af89dd3c5) Importer(815301076,1909f56bfc062723c751e8b465ee728b)  -> (artifact id: '2c1f4105509655ec1d7fa14f8e2e5f29') in 0.020074 seconds 
  Import took 0.022347 seconds .

========================================================================
Received Import Request.
  Time since last request: 10.286930 seconds.
  path: Assets/Prefabs/Hex Grid.prefab
  artifactKey: Guid(70422f588e45ad4489fa002af89dd3c5) Importer(815301076,1909f56bfc062723c751e8b465ee728b)
Start importing Assets/Prefabs/Hex Grid.prefab using Guid(70422f588e45ad4489fa002af89dd3c5) Importer(815301076,1909f56bfc062723c751e8b465ee728b)  -> (artifact id: '798a5aa3268de4e61d62462a5a3c5bc0') in 0.020905 seconds 
  Import took 0.023200 seconds .

========================================================================
Received Import Request.
  Time since last request: 11.236574 seconds.
  path: Assets/Prefabs/Hex Grid.prefab
  artifactKey: Guid(70422f588e45ad4489fa002af89dd3c5) Importer(815301076,1909f56bfc062723c751e8b465ee728b)
Start importing Assets/Prefabs/Hex Grid.prefab using Guid(70422f588e45ad4489fa002af89dd3c5) Importer(815301076,1909f56bfc062723c751e8b465ee728b)  -> (artifact id: 'eca977dcdf7852f2c0fbeb41fbf75bd2') in 0.019881 seconds 
  Import took 0.022133 seconds .

========================================================================
Received Import Request.
  Time since last request: 13.284615 seconds.
  path: Assets/Prefabs/Hex Grid.prefab
  artifactKey: Guid(70422f588e45ad4489fa002af89dd3c5) Importer(815301076,1909f56bfc062723c751e8b465ee728b)
Start importing Assets/Prefabs/Hex Grid.prefab using Guid(70422f588e45ad4489fa002af89dd3c5) Importer(815301076,1909f56bfc062723c751e8b465ee728b)  -> (artifact id: 'ae442a6bcd007845d5ea5dad8dc4e2df') in 0.021294 seconds 
  Import took 0.023574 seconds .

========================================================================
Received Import Request.
  Time since last request: 4.423014 seconds.
  path: Assets/Prefabs/Hex Grid.prefab
  artifactKey: Guid(70422f588e45ad4489fa002af89dd3c5) Importer(815301076,1909f56bfc062723c751e8b465ee728b)
Start importing Assets/Prefabs/Hex Grid.prefab using Guid(70422f588e45ad4489fa002af89dd3c5) Importer(815301076,1909f56bfc062723c751e8b465ee728b)  -> (artifact id: '2fe31d9dd9f47bf40591f10ac93d0757') in 0.020130 seconds 
  Import took 0.022385 seconds .

========================================================================
Received Import Request.
  Time since last request: 3.005304 seconds.
  path: Assets/Prefabs/Hex Grid.prefab
  artifactKey: Guid(70422f588e45ad4489fa002af89dd3c5) Importer(815301076,1909f56bfc062723c751e8b465ee728b)
Start importing Assets/Prefabs/Hex Grid.prefab using Guid(70422f588e45ad4489fa002af89dd3c5) Importer(815301076,1909f56bfc062723c751e8b465ee728b)  -> (artifact id: 'bf042732119089d9fc6e54ed652b8746') in 0.020934 seconds 
  Import took 0.023189 seconds .

========================================================================
Received Import Request.
  Time since last request: 7.424279 seconds.
  path: Assets/Prefabs/Hex Grid.prefab
  artifactKey: Guid(70422f588e45ad4489fa002af89dd3c5) Importer(815301076,1909f56bfc062723c751e8b465ee728b)
Start importing Assets/Prefabs/Hex Grid.prefab using Guid(70422f588e45ad4489fa002af89dd3c5) Importer(815301076,1909f56bfc062723c751e8b465ee728b)  -> (artifact id: 'c1089c87a98ceded8db15d0da3c8c61e') in 0.020081 seconds 
  Import took 0.022482 seconds .

========================================================================
Received Import Request.
  Time since last request: 2.408423 seconds.
  path: Assets/Prefabs/Hex Grid.prefab
  artifactKey: Guid(70422f588e45ad4489fa002af89dd3c5) Importer(815301076,1909f56bfc062723c751e8b465ee728b)
Start importing Assets/Prefabs/Hex Grid.prefab using Guid(70422f588e45ad4489fa002af89dd3c5) Importer(815301076,1909f56bfc062723c751e8b465ee728b)  -> (artifact id: '6eeb4068fbc1b3202fb611b0fde209f4') in 0.020421 seconds 
  Import took 0.022724 seconds .

========================================================================
Received Import Request.
  Time since last request: 11.054310 seconds.
  path: Assets/Prefabs/Hex Grid.prefab
  artifactKey: Guid(70422f588e45ad4489fa002af89dd3c5) Importer(815301076,1909f56bfc062723c751e8b465ee728b)
Start importing Assets/Prefabs/Hex Grid.prefab using Guid(70422f588e45ad4489fa002af89dd3c5) Importer(815301076,1909f56bfc062723c751e8b465ee728b)  -> (artifact id: '59a4c0847e1aa5100be09e6abac8d627') in 0.019819 seconds 
  Import took 0.022039 seconds .

========================================================================
Received Import Request.
  Time since last request: 2.789157 seconds.
  path: Assets/Prefabs/Hex Grid.prefab
  artifactKey: Guid(70422f588e45ad4489fa002af89dd3c5) Importer(815301076,1909f56bfc062723c751e8b465ee728b)
Start importing Assets/Prefabs/Hex Grid.prefab using Guid(70422f588e45ad4489fa002af89dd3c5) Importer(815301076,1909f56bfc062723c751e8b465ee728b)  -> (artifact id: '7c5b8fa0c3faa28b495ca39de9a0edb5') in 0.020541 seconds 
  Import took 0.023095 seconds .

========================================================================
Received Import Request.
  Time since last request: 21.964127 seconds.
  path: Assets/Prefabs/Hex Grid.prefab
  artifactKey: Guid(70422f588e45ad4489fa002af89dd3c5) Importer(815301076,1909f56bfc062723c751e8b465ee728b)
Start importing Assets/Prefabs/Hex Grid.prefab using Guid(70422f588e45ad4489fa002af89dd3c5) Importer(815301076,1909f56bfc062723c751e8b465ee728b)  -> (artifact id: '8d78fb6abcb97fe9d31c917c7aa57124') in 0.021663 seconds 
  Import took 0.023849 seconds .

========================================================================
Received Import Request.
  Time since last request: 12.645311 seconds.
  path: Assets/Prefabs/Hex Grid.prefab
  artifactKey: Guid(70422f588e45ad4489fa002af89dd3c5) Importer(815301076,1909f56bfc062723c751e8b465ee728b)
Start importing Assets/Prefabs/Hex Grid.prefab using Guid(70422f588e45ad4489fa002af89dd3c5) Importer(815301076,1909f56bfc062723c751e8b465ee728b)  -> (artifact id: '2828a488734ee5585154973bcaa53b76') in 0.020452 seconds 
  Import took 0.022740 seconds .

========================================================================
Received Import Request.
  Time since last request: 11.882231 seconds.
  path: Assets/Prefabs/Hex Grid.prefab
  artifactKey: Guid(70422f588e45ad4489fa002af89dd3c5) Importer(815301076,1909f56bfc062723c751e8b465ee728b)
Start importing Assets/Prefabs/Hex Grid.prefab using Guid(70422f588e45ad4489fa002af89dd3c5) Importer(815301076,1909f56bfc062723c751e8b465ee728b)  -> (artifact id: 'd34d8b5b4551474d8258e7e3ad81abdb') in 0.020275 seconds 
  Import took 0.022735 seconds .

========================================================================
Received Import Request.
  Time since last request: 6.229331 seconds.
  path: Assets/Prefabs/Hex Grid.prefab
  artifactKey: Guid(70422f588e45ad4489fa002af89dd3c5) Importer(815301076,1909f56bfc062723c751e8b465ee728b)
Start importing Assets/Prefabs/Hex Grid.prefab using Guid(70422f588e45ad4489fa002af89dd3c5) Importer(815301076,1909f56bfc062723c751e8b465ee728b)  -> (artifact id: 'a4c100adb7be4f9757e5317e97764bd5') in 0.020385 seconds 
  Import took 0.022681 seconds .

========================================================================
Received Import Request.
  Time since last request: 2.790098 seconds.
  path: Assets/Prefabs/Hex Grid.prefab
  artifactKey: Guid(70422f588e45ad4489fa002af89dd3c5) Importer(815301076,1909f56bfc062723c751e8b465ee728b)
Start importing Assets/Prefabs/Hex Grid.prefab using Guid(70422f588e45ad4489fa002af89dd3c5) Importer(815301076,1909f56bfc062723c751e8b465ee728b)  -> (artifact id: '656d97ea8e1d8d4d5e47a1f8ba28cfdd') in 0.020133 seconds 
  Import took 0.022862 seconds .

========================================================================
Received Import Request.
  Time since last request: 7.454877 seconds.
  path: Assets/Prefabs/Hex Grid.prefab
  artifactKey: Guid(70422f588e45ad4489fa002af89dd3c5) Importer(815301076,1909f56bfc062723c751e8b465ee728b)
Start importing Assets/Prefabs/Hex Grid.prefab using Guid(70422f588e45ad4489fa002af89dd3c5) Importer(815301076,1909f56bfc062723c751e8b465ee728b)  -> (artifact id: 'e0d0402a33427dcf9488d9c69a9f6605') in 0.020165 seconds 
  Import took 0.022463 seconds .

========================================================================
Received Import Request.
  Time since last request: 2.187860 seconds.
  path: Assets/Prefabs/Hex Grid.prefab
  artifactKey: Guid(70422f588e45ad4489fa002af89dd3c5) Importer(815301076,1909f56bfc062723c751e8b465ee728b)
Start importing Assets/Prefabs/Hex Grid.prefab using Guid(70422f588e45ad4489fa002af89dd3c5) Importer(815301076,1909f56bfc062723c751e8b465ee728b)  -> (artifact id: '4166e311c93926c5f8bcd063674b0588') in 0.020582 seconds 
  Import took 0.022926 seconds .

========================================================================
Received Import Request.
  Time since last request: 2.063991 seconds.
  path: Assets/Prefabs/Hex Grid.prefab
  artifactKey: Guid(70422f588e45ad4489fa002af89dd3c5) Importer(815301076,1909f56bfc062723c751e8b465ee728b)
Start importing Assets/Prefabs/Hex Grid.prefab using Guid(70422f588e45ad4489fa002af89dd3c5) Importer(815301076,1909f56bfc062723c751e8b465ee728b)  -> (artifact id: '8b477dbc3c4c7a378ec8592cd6147460') in 0.019884 seconds 
  Import took 0.022160 seconds .

========================================================================
Received Import Request.
  Time since last request: 5.954836 seconds.
  path: Assets/Prefabs/Hex Grid.prefab
  artifactKey: Guid(70422f588e45ad4489fa002af89dd3c5) Importer(815301076,1909f56bfc062723c751e8b465ee728b)
Start importing Assets/Prefabs/Hex Grid.prefab using Guid(70422f588e45ad4489fa002af89dd3c5) Importer(815301076,1909f56bfc062723c751e8b465ee728b)  -> (artifact id: '21f59fe77148b31f691c04b20bc56738') in 0.020837 seconds 
  Import took 0.023866 seconds .

========================================================================
Received Import Request.
  Time since last request: 6.614477 seconds.
  path: Assets/Prefabs/Hex Grid.prefab
  artifactKey: Guid(70422f588e45ad4489fa002af89dd3c5) Importer(815301076,1909f56bfc062723c751e8b465ee728b)
Start importing Assets/Prefabs/Hex Grid.prefab using Guid(70422f588e45ad4489fa002af89dd3c5) Importer(815301076,1909f56bfc062723c751e8b465ee728b)  -> (artifact id: '346865740e6aecaac8508b33dd65dd67') in 0.020001 seconds 
  Import took 0.022298 seconds .

========================================================================
Received Import Request.
  Time since last request: 10.642487 seconds.
  path: Assets/Prefabs/Hex Grid.prefab
  artifactKey: Guid(70422f588e45ad4489fa002af89dd3c5) Importer(815301076,1909f56bfc062723c751e8b465ee728b)
Start importing Assets/Prefabs/Hex Grid.prefab using Guid(70422f588e45ad4489fa002af89dd3c5) Importer(815301076,1909f56bfc062723c751e8b465ee728b)  -> (artifact id: '0a4d0fbb557045b9a91aa35079404d6b') in 0.020752 seconds 
  Import took 0.023064 seconds .

========================================================================
Received Import Request.
  Time since last request: 1.192519 seconds.
  path: Assets/Prefabs/Hex Grid.prefab
  artifactKey: Guid(70422f588e45ad4489fa002af89dd3c5) Importer(815301076,1909f56bfc062723c751e8b465ee728b)
Start importing Assets/Prefabs/Hex Grid.prefab using Guid(70422f588e45ad4489fa002af89dd3c5) Importer(815301076,1909f56bfc062723c751e8b465ee728b)  -> (artifact id: '0d654f71869dae9db8e2fc07db2938d0') in 0.020044 seconds 
  Import took 0.022398 seconds .

========================================================================
Received Import Request.
  Time since last request: 1.186282 seconds.
  path: Assets/Prefabs/Hex Grid.prefab
  artifactKey: Guid(70422f588e45ad4489fa002af89dd3c5) Importer(815301076,1909f56bfc062723c751e8b465ee728b)
Start importing Assets/Prefabs/Hex Grid.prefab using Guid(70422f588e45ad4489fa002af89dd3c5) Importer(815301076,1909f56bfc062723c751e8b465ee728b)  -> (artifact id: 'aabb08e2d5af7ea870b4541396635e47') in 0.021865 seconds 
  Import took 0.024276 seconds .

========================================================================
Received Import Request.
  Time since last request: 5.212192 seconds.
  path: Assets/Prefabs/Hex Grid.prefab
  artifactKey: Guid(70422f588e45ad4489fa002af89dd3c5) Importer(815301076,1909f56bfc062723c751e8b465ee728b)
Start importing Assets/Prefabs/Hex Grid.prefab using Guid(70422f588e45ad4489fa002af89dd3c5) Importer(815301076,1909f56bfc062723c751e8b465ee728b)  -> (artifact id: 'e41d19ea0e6d0aa929fb0080466a2286') in 0.020725 seconds 
  Import took 0.023228 seconds .

========================================================================
Received Import Request.
  Time since last request: 4.202183 seconds.
  path: Assets/Prefabs/Hex Grid.prefab
  artifactKey: Guid(70422f588e45ad4489fa002af89dd3c5) Importer(815301076,1909f56bfc062723c751e8b465ee728b)
Start importing Assets/Prefabs/Hex Grid.prefab using Guid(70422f588e45ad4489fa002af89dd3c5) Importer(815301076,1909f56bfc062723c751e8b465ee728b)  -> (artifact id: '741098a2041f8adad47a8c46938af1d4') in 0.021300 seconds 
  Import took 0.023691 seconds .

========================================================================
Received Import Request.
  Time since last request: 8.836235 seconds.
  path: Assets/Prefabs/Hex Grid.prefab
  artifactKey: Guid(70422f588e45ad4489fa002af89dd3c5) Importer(815301076,1909f56bfc062723c751e8b465ee728b)
Start importing Assets/Prefabs/Hex Grid.prefab using Guid(70422f588e45ad4489fa002af89dd3c5) Importer(815301076,1909f56bfc062723c751e8b465ee728b)  -> (artifact id: 'b608816bf8b7f8f5e4668c7b15f26f0d') in 0.020709 seconds 
  Import took 0.023645 seconds .

========================================================================
Received Import Request.
  Time since last request: 5.412335 seconds.
  path: Assets/Prefabs/Hex Grid.prefab
  artifactKey: Guid(70422f588e45ad4489fa002af89dd3c5) Importer(815301076,1909f56bfc062723c751e8b465ee728b)
Start importing Assets/Prefabs/Hex Grid.prefab using Guid(70422f588e45ad4489fa002af89dd3c5) Importer(815301076,1909f56bfc062723c751e8b465ee728b)  -> (artifact id: '5dee8146c2447063ae257064ee3da37b') in 0.020716 seconds 
  Import took 0.022971 seconds .

========================================================================
Received Import Request.
  Time since last request: 20.723747 seconds.
  path: Assets/Prefabs/Hex Grid.prefab
  artifactKey: Guid(70422f588e45ad4489fa002af89dd3c5) Importer(815301076,1909f56bfc062723c751e8b465ee728b)
Start importing Assets/Prefabs/Hex Grid.prefab using Guid(70422f588e45ad4489fa002af89dd3c5) Importer(815301076,1909f56bfc062723c751e8b465ee728b)  -> (artifact id: 'd90239627d311a7f4eb67af059ab5cb3') in 0.022330 seconds 
  Import took 0.024964 seconds .

========================================================================
Received Import Request.
  Time since last request: 3.812397 seconds.
  path: Assets/Prefabs/Hex Grid.prefab
  artifactKey: Guid(70422f588e45ad4489fa002af89dd3c5) Importer(815301076,1909f56bfc062723c751e8b465ee728b)
Start importing Assets/Prefabs/Hex Grid.prefab using Guid(70422f588e45ad4489fa002af89dd3c5) Importer(815301076,1909f56bfc062723c751e8b465ee728b)  -> (artifact id: '8b3225a0b5f1efc8e08625a00e258af6') in 0.020959 seconds 
  Import took 0.023311 seconds .

========================================================================
Received Import Request.
  Time since last request: 12.079852 seconds.
  path: Assets/Prefabs/Hex Grid.prefab
  artifactKey: Guid(70422f588e45ad4489fa002af89dd3c5) Importer(815301076,1909f56bfc062723c751e8b465ee728b)
Start importing Assets/Prefabs/Hex Grid.prefab using Guid(70422f588e45ad4489fa002af89dd3c5) Importer(815301076,1909f56bfc062723c751e8b465ee728b)  -> (artifact id: '23eeebe50e06cd837d14aa8f48c267cc') in 0.021008 seconds 
  Import took 0.023485 seconds .

========================================================================
Received Import Request.
  Time since last request: 3.992061 seconds.
  path: Assets/Prefabs/Hex Grid.prefab
  artifactKey: Guid(70422f588e45ad4489fa002af89dd3c5) Importer(815301076,1909f56bfc062723c751e8b465ee728b)
Start importing Assets/Prefabs/Hex Grid.prefab using Guid(70422f588e45ad4489fa002af89dd3c5) Importer(815301076,1909f56bfc062723c751e8b465ee728b)  -> (artifact id: '1033bd864288e3a5a0df72518fffafa9') in 0.020473 seconds 
  Import took 0.023006 seconds .

========================================================================
Received Import Request.
  Time since last request: 10.029899 seconds.
  path: Assets/Prefabs/Hex Grid.prefab
  artifactKey: Guid(70422f588e45ad4489fa002af89dd3c5) Importer(815301076,1909f56bfc062723c751e8b465ee728b)
Start importing Assets/Prefabs/Hex Grid.prefab using Guid(70422f588e45ad4489fa002af89dd3c5) Importer(815301076,1909f56bfc062723c751e8b465ee728b)  -> (artifact id: '7ac92cd4f91f9b382e80d76e41666b25') in 0.020855 seconds 
  Import took 0.023239 seconds .

========================================================================
Received Import Request.
  Time since last request: 5.823846 seconds.
  path: Assets/Prefabs/Hex Grid.prefab
  artifactKey: Guid(70422f588e45ad4489fa002af89dd3c5) Importer(815301076,1909f56bfc062723c751e8b465ee728b)
Start importing Assets/Prefabs/Hex Grid.prefab using Guid(70422f588e45ad4489fa002af89dd3c5) Importer(815301076,1909f56bfc062723c751e8b465ee728b)  -> (artifact id: 'ad3aef34b8946b37b5f5e648b50cf0df') in 0.020303 seconds 
  Import took 0.022942 seconds .

========================================================================
Received Import Request.
  Time since last request: 4.598933 seconds.
  path: Assets/Prefabs/Hex Grid.prefab
  artifactKey: Guid(70422f588e45ad4489fa002af89dd3c5) Importer(815301076,1909f56bfc062723c751e8b465ee728b)
Start importing Assets/Prefabs/Hex Grid.prefab using Guid(70422f588e45ad4489fa002af89dd3c5) Importer(815301076,1909f56bfc062723c751e8b465ee728b)  -> (artifact id: 'f11f741630b0cbf9f545c6f0c9180dab') in 0.021430 seconds 
  Import took 0.023747 seconds .

========================================================================
Received Import Request.
  Time since last request: 3.612774 seconds.
  path: Assets/Prefabs/Hex Grid.prefab
  artifactKey: Guid(70422f588e45ad4489fa002af89dd3c5) Importer(815301076,1909f56bfc062723c751e8b465ee728b)
Start importing Assets/Prefabs/Hex Grid.prefab using Guid(70422f588e45ad4489fa002af89dd3c5) Importer(815301076,1909f56bfc062723c751e8b465ee728b)  -> (artifact id: '7b7b45926ec46057459a0af5f5fd3704') in 0.020438 seconds 
  Import took 0.022868 seconds .

========================================================================
Received Import Request.
  Time since last request: 7.415188 seconds.
  path: Assets/Prefabs/Hex Grid.prefab
  artifactKey: Guid(70422f588e45ad4489fa002af89dd3c5) Importer(815301076,1909f56bfc062723c751e8b465ee728b)
Start importing Assets/Prefabs/Hex Grid.prefab using Guid(70422f588e45ad4489fa002af89dd3c5) Importer(815301076,1909f56bfc062723c751e8b465ee728b)  -> (artifact id: '642cb2eed4835f4c209e2698b1b9585d') in 0.020808 seconds 
  Import took 0.023031 seconds .

========================================================================
Received Import Request.
  Time since last request: 6.445323 seconds.
  path: Assets/Prefabs/Hex Grid.prefab
  artifactKey: Guid(70422f588e45ad4489fa002af89dd3c5) Importer(815301076,1909f56bfc062723c751e8b465ee728b)
Start importing Assets/Prefabs/Hex Grid.prefab using Guid(70422f588e45ad4489fa002af89dd3c5) Importer(815301076,1909f56bfc062723c751e8b465ee728b)  -> (artifact id: '1014fde95a6cb9a3364c02e5b91792e9') in 0.020268 seconds 
  Import took 0.022719 seconds .

========================================================================
Received Import Request.
  Time since last request: 3.204086 seconds.
  path: Assets/Prefabs/Hex Grid.prefab
  artifactKey: Guid(70422f588e45ad4489fa002af89dd3c5) Importer(815301076,1909f56bfc062723c751e8b465ee728b)
Start importing Assets/Prefabs/Hex Grid.prefab using Guid(70422f588e45ad4489fa002af89dd3c5) Importer(815301076,1909f56bfc062723c751e8b465ee728b)  -> (artifact id: '44865ceda783630f276c11a0b0408af1') in 0.021091 seconds 
  Import took 0.023458 seconds .

========================================================================
Received Import Request.
  Time since last request: 2.802057 seconds.
  path: Assets/Prefabs/Hex Grid.prefab
  artifactKey: Guid(70422f588e45ad4489fa002af89dd3c5) Importer(815301076,1909f56bfc062723c751e8b465ee728b)
Start importing Assets/Prefabs/Hex Grid.prefab using Guid(70422f588e45ad4489fa002af89dd3c5) Importer(815301076,1909f56bfc062723c751e8b465ee728b)  -> (artifact id: '1ddab1f8e6751d3cd6f61a7948910a4f') in 0.021044 seconds 
  Import took 0.023676 seconds .

========================================================================
Received Import Request.
  Time since last request: 3.331438 seconds.
  path: Assets/Prefabs/Hex Grid.prefab
  artifactKey: Guid(70422f588e45ad4489fa002af89dd3c5) Importer(815301076,1909f56bfc062723c751e8b465ee728b)
Start importing Assets/Prefabs/Hex Grid.prefab using Guid(70422f588e45ad4489fa002af89dd3c5) Importer(815301076,1909f56bfc062723c751e8b465ee728b)  -> (artifact id: '8716c74e38de11d86301c0577fda9457') in 0.020886 seconds 
  Import took 0.023237 seconds .

========================================================================
Received Import Request.
  Time since last request: 2.893955 seconds.
  path: Assets/Prefabs/Hex Grid.prefab
  artifactKey: Guid(70422f588e45ad4489fa002af89dd3c5) Importer(815301076,1909f56bfc062723c751e8b465ee728b)
Start importing Assets/Prefabs/Hex Grid.prefab using Guid(70422f588e45ad4489fa002af89dd3c5) Importer(815301076,1909f56bfc062723c751e8b465ee728b)  -> (artifact id: 'c0f70d99c135d4023d97e0e97c858c96') in 0.032630 seconds 
  Import took 0.035071 seconds .

========================================================================
Received Import Request.
  Time since last request: 8.028516 seconds.
  path: Assets/Prefabs/Hex Grid.prefab
  artifactKey: Guid(70422f588e45ad4489fa002af89dd3c5) Importer(815301076,1909f56bfc062723c751e8b465ee728b)
Start importing Assets/Prefabs/Hex Grid.prefab using Guid(70422f588e45ad4489fa002af89dd3c5) Importer(815301076,1909f56bfc062723c751e8b465ee728b)  -> (artifact id: '422c54f03a412eee7f3e1675d9780bb6') in 0.020383 seconds 
  Import took 0.022927 seconds .

========================================================================
Received Import Request.
  Time since last request: 17.893226 seconds.
  path: Assets/Prefabs/Hex Grid.prefab
  artifactKey: Guid(70422f588e45ad4489fa002af89dd3c5) Importer(815301076,1909f56bfc062723c751e8b465ee728b)
Start importing Assets/Prefabs/Hex Grid.prefab using Guid(70422f588e45ad4489fa002af89dd3c5) Importer(815301076,1909f56bfc062723c751e8b465ee728b)  -> (artifact id: '15b496f5f289ecb0e7fbab14ad2e903b') in 0.022276 seconds 
  Import took 0.024640 seconds .

========================================================================
Received Import Request.
  Time since last request: 5.223236 seconds.
  path: Assets/Prefabs/Hex Grid.prefab
  artifactKey: Guid(70422f588e45ad4489fa002af89dd3c5) Importer(815301076,1909f56bfc062723c751e8b465ee728b)
Start importing Assets/Prefabs/Hex Grid.prefab using Guid(70422f588e45ad4489fa002af89dd3c5) Importer(815301076,1909f56bfc062723c751e8b465ee728b)  -> (artifact id: '6fb955b70f572fde14d1e488e79018f3') in 0.020099 seconds 
  Import took 0.022659 seconds .

========================================================================
Received Prepare
Registering precompiled user dll's ...
Registered in 0.002874 seconds.
Begin MonoManager ReloadAssembly
Native extension for WindowsStandalone target not found
Refreshing native plugins compatible for Editor in 0.31 ms, found 2 plugins.
Preloading 0 native plugins for Editor in 0.00 ms.
Mono: successfully reloaded assembly
- Completed reload, in  0.737 seconds
Domain Reload Profiling:
	ReloadAssembly (737ms)
		BeginReloadAssembly (97ms)
			ExecutionOrderSort (0ms)
			DisableScriptedObjects (4ms)
			BackupInstance (0ms)
			ReleaseScriptingObjects (0ms)
			CreateAndSetChildDomain (27ms)
		EndReloadAssembly (585ms)
			LoadAssemblies (67ms)
			RebuildTransferFunctionScriptingTraits (0ms)
			SetupTypeCache (200ms)
			ReleaseScriptCaches (1ms)
			RebuildScriptCaches (29ms)
			SetupLoadedEditorAssemblies (213ms)
				LogAssemblyErrors (0ms)
				InitializePlatformSupportModulesInManaged (4ms)
				SetLoadedEditorAssemblies (0ms)
				RefreshPlugins (0ms)
				BeforeProcessingInitializeOnLoad (73ms)
				ProcessInitializeOnLoadAttributes (127ms)
				ProcessInitializeOnLoadMethodAttributes (3ms)
				AfterProcessingInitializeOnLoad (5ms)
				EditorAssembliesLoaded (0ms)
			ExecutionOrderSort2 (0ms)
			AwakeInstancesAfterBackupRestoration (5ms)
Platform modules already initialized, skipping
Refreshing native plugins compatible for Editor in 0.30 ms, found 2 plugins.
Preloading 0 native plugins for Editor in 0.00 ms.
Unloading 1398 Unused Serialized files (Serialized files now loaded: 0)
System memory in use before: 66.9 MB.
System memory in use after: 67.0 MB.

Unloading 17 unused Assets to reduce memory usage. Loaded Objects now: 1883.
Total: 1.514100 ms (FindLiveObjects: 0.115300 ms CreateObjectMapping: 0.029000 ms MarkObjects: 1.347200 ms  DeleteObjects: 0.021900 ms)

AssetImportParameters requested are different than current active one (requested -> active):
  custom:framework-win-MediaFoundation: 216162199b28c13a410421893ffa2e32 -> 
  custom:video-decoder-ogg-theora: a1e56fd34408186e4bbccfd4996cb3dc -> 
  custom:container-muxer-webm: aa71ff27fc2769a1b78a27578f13a17b -> 
  custom:container-demuxer-webm: 4f35f7cbe854078d1ac9338744f61a02 -> 
  custom:container-demuxer-ogg: 62fdf1f143b41e24485cea50d1cbac27 -> 
  custom:video-encoder-webm-vp8: eb34c28f22e8b96e1ab97ce403110664 -> 
  custom:video-decoder-webm-vp8: 9c59270c3fd7afecdb556c50c9e8de78 -> 
  custom:audio-decoder-ogg-vorbis: bf7c407c2cedff20999df2af8eb42d56 -> 
  custom:audio-encoder-webm-vorbis: bf7c407c2cedff20999df2af8eb42d56 -> 
AssetImportWorkerClient::OnTransportError - code=2 error=End of file
